<?xml version="1.0" encoding="UTF-8"?>
<coverage generated="1787217859517" clover="3.2.0">
  <project timestamp="1787217859518" name="All files">
    <metrics statements="491" coveredstatements="320" conditionals="177" coveredconditionals="98" methods="185" coveredmethods="90" elements="853" coveredelements="508" complexity="0" loc="491" ncloc="491" packages="11" files="21" classes="21"/>
    <package name="components">
      <metrics statements="83" coveredstatements="38" conditionals="84" coveredconditionals="42" methods="13" coveredmethods="8"/>
      <file name="NewsDetailModal.tsx" path="C:\Project\news-portal\frontend\src\components\NewsDetailModal.tsx">
        <metrics statements="75" coveredstatements="30" conditionals="69" coveredconditionals="28" methods="11" coveredmethods="6"/>
        <line num="24" count="1" type="stmt"/>
        <line num="30" count="1" type="stmt"/>
        <line num="31" count="1" type="stmt"/>
        <line num="32" count="1" type="stmt"/>
        <line num="33" count="1" type="stmt"/>
        <line num="34" count="1" type="stmt"/>
        <line num="36" count="1" type="stmt"/>
        <line num="37" count="1" type="stmt"/>
        <line num="50" count="1" type="stmt"/>
        <line num="51" count="0" type="stmt"/>
        <line num="52" count="0" type="cond" truecount="0" falsecount="2"/>
        <line num="53" count="0" type="stmt"/>
        <line num="54" count="0" type="stmt"/>
        <line num="55" count="0" type="stmt"/>
        <line num="57" count="0" type="stmt"/>
        <line num="61" count="1" type="stmt"/>
        <line num="62" count="0" type="stmt"/>
        <line num="63" count="0" type="cond" truecount="0" falsecount="2"/>
        <line num="64" count="0" type="stmt"/>
        <line num="65" count="0" type="stmt"/>
        <line num="66" count="0" type="stmt"/>
        <line num="68" count="0" type="stmt"/>
        <line num="72" count="1" type="stmt"/>
        <line num="73" count="1" type="stmt"/>
        <line num="74" count="1" type="stmt"/>
        <line num="75" count="1" type="cond" truecount="1" falsecount="1"/>
        <line num="76" count="1" type="stmt"/>
        <line num="77" count="1" type="cond" truecount="1" falsecount="1"/>
        <line num="78" count="1" type="stmt"/>
        <line num="79" count="1" type="cond" truecount="1" falsecount="1"/>
        <line num="80" count="0" type="stmt"/>
        <line num="83" count="1" type="stmt"/>
        <line num="84" count="1" type="stmt"/>
        <line num="85" count="1" type="stmt"/>
        <line num="86" count="1" type="stmt"/>
        <line num="90" count="1" type="stmt"/>
        <line num="91" count="0" type="stmt"/>
        <line num="92" count="0" type="cond" truecount="0" falsecount="2"/>
        <line num="93" count="0" type="stmt"/>
        <line num="94" count="0" type="stmt"/>
        <line num="97" count="0" type="stmt"/>
        <line num="98" count="0" type="stmt"/>
        <line num="99" count="0" type="stmt"/>
        <line num="100" count="0" type="cond" truecount="0" falsecount="2"/>
        <line num="102" count="0" type="cond" truecount="0" falsecount="4"/>
        <line num="103" count="0" type="stmt"/>
        <line num="105" count="0" type="stmt"/>
        <line num="110" count="1" type="stmt"/>
        <line num="111" count="0" type="stmt"/>
        <line num="112" count="0" type="cond" truecount="0" falsecount="2"/>
        <line num="113" count="0" type="stmt"/>
        <line num="114" count="0" type="stmt"/>
        <line num="117" count="0" type="stmt"/>
        <line num="118" count="0" type="stmt"/>
        <line num="119" count="0" type="stmt"/>
        <line num="120" count="0" type="stmt"/>
        <line num="122" count="0" type="cond" truecount="0" falsecount="2"/>
        <line num="123" count="0" type="stmt"/>
        <line num="127" count="1" type="stmt"/>
        <line num="128" count="0" type="cond" truecount="0" falsecount="2"/>
        <line num="129" count="0" type="stmt"/>
        <line num="130" count="0" type="stmt"/>
        <line num="131" count="0" type="cond" truecount="0" falsecount="2"/>
        <line num="132" count="0" type="stmt"/>
        <line num="137" count="0" type="stmt"/>
        <line num="139" count="0" type="stmt"/>
        <line num="140" count="0" type="stmt"/>
        <line num="142" count="0" type="stmt"/>
        <line num="146" count="1" type="cond" truecount="1" falsecount="1"/>
        <line num="147" count="0" type="stmt"/>
        <line num="154" count="1" type="cond" truecount="1" falsecount="1"/>
        <line num="155" count="0" type="stmt"/>
        <line num="158" count="1" type="cond" truecount="2" falsecount="1"/>
        <line num="160" count="1" type="stmt"/>
        <line num="229" count="1" type="stmt"/>
      </file>
      <file name="NewsSEO.tsx" path="C:\Project\news-portal\frontend\src\components\NewsSEO.tsx">
        <metrics statements="8" coveredstatements="8" conditionals="15" coveredconditionals="14" methods="2" coveredmethods="2"/>
        <line num="16" count="2" type="stmt"/>
        <line num="17" count="2" type="stmt"/>
        <line num="18" count="2" type="stmt"/>
        <line num="19" count="2" type="cond" truecount="1" falsecount="1"/>
        <line num="20" count="2" type="cond" truecount="2" falsecount="0"/>
        <line num="21" count="2" type="cond" truecount="2" falsecount="0"/>
        <line num="22" count="2" type="stmt"/>
        <line num="52" count="1" type="stmt"/>
      </file>
    </package>
    <package name="constants">
      <metrics statements="1" coveredstatements="1" conditionals="0" coveredconditionals="0" methods="0" coveredmethods="0"/>
      <file name="styles.ts" path="C:\Project\news-portal\frontend\src\constants\styles.ts">
        <metrics statements="1" coveredstatements="1" conditionals="0" coveredconditionals="0" methods="0" coveredmethods="0"/>
        <line num="1" count="1" type="stmt"/>
      </file>
    </package>
    <package name="services">
      <metrics statements="86" coveredstatements="58" conditionals="19" coveredconditionals="15" methods="37" coveredmethods="22"/>
      <file name="api.ts" path="C:\Project\news-portal\frontend\src\services\api.ts">
        <metrics statements="41" coveredstatements="34" conditionals="15" coveredconditionals="13" methods="14" coveredmethods="10"/>
        <line num="12" count="5" type="stmt"/>
        <line num="15" count="5" type="stmt"/>
        <line num="23" count="5" type="stmt"/>
        <line num="27" count="5" type="stmt"/>
        <line num="29" count="28" type="stmt"/>
        <line num="30" count="28" type="stmt"/>
        <line num="32" count="28" type="cond" truecount="2" falsecount="0"/>
        <line num="33" count="7" type="stmt"/>
        <line num="36" count="28" type="stmt"/>
        <line num="38" count="0" type="stmt"/>
        <line num="41" count="5" type="stmt"/>
        <line num="42" count="23" type="stmt"/>
        <line num="44" count="5" type="stmt"/>
        <line num="46" count="5" type="cond" truecount="2" falsecount="0"/>
        <line num="51" count="2" type="stmt"/>
        <line num="54" count="3" type="cond" truecount="4" falsecount="0"/>
        <line num="55" count="1" type="stmt"/>
        <line num="57" count="1" type="cond" truecount="1" falsecount="1"/>
        <line num="58" count="1" type="stmt"/>
        <line num="59" count="1" type="stmt"/>
        <line num="61" count="1" type="cond" truecount="1" falsecount="1"/>
        <line num="62" count="1" type="stmt"/>
        <line num="63" count="1" type="stmt"/>
        <line num="68" count="1" type="stmt"/>
        <line num="69" count="1" type="stmt"/>
        <line num="70" count="1" type="stmt"/>
        <line num="71" count="1" type="stmt"/>
        <line num="73" count="0" type="stmt"/>
        <line num="74" count="0" type="stmt"/>
        <line num="75" count="0" type="stmt"/>
        <line num="79" count="2" type="stmt"/>
        <line num="85" count="1" type="stmt"/>
        <line num="87" count="1" type="stmt"/>
        <line num="94" count="1" type="stmt"/>
        <line num="98" count="13" type="stmt"/>
        <line num="102" count="10" type="stmt"/>
        <line num="106" count="4" type="stmt"/>
        <line num="110" count="0" type="stmt"/>
        <line num="114" count="0" type="stmt"/>
        <line num="117" count="0" type="stmt"/>
        <line num="123" count="5" type="stmt"/>
      </file>
      <file name="authService.ts" path="C:\Project\news-portal\frontend\src\services\authService.ts">
        <metrics statements="15" coveredstatements="15" conditionals="0" coveredconditionals="0" methods="8" coveredmethods="8"/>
        <line num="4" count="5" type="stmt"/>
        <line num="6" count="4" type="stmt"/>
        <line num="7" count="2" type="stmt"/>
        <line num="11" count="2" type="stmt"/>
        <line num="12" count="2" type="stmt"/>
        <line num="16" count="1" type="stmt"/>
        <line num="20" count="5" type="stmt"/>
        <line num="21" count="4" type="stmt"/>
        <line num="25" count="2" type="stmt"/>
        <line num="26" count="2" type="stmt"/>
        <line num="30" count="2" type="stmt"/>
        <line num="31" count="2" type="stmt"/>
        <line num="35" count="1" type="stmt"/>
        <line num="38" count="1" type="stmt"/>
        <line num="42" count="1" type="stmt"/>
      </file>
      <file name="newsService.ts" path="C:\Project\news-portal\frontend\src\services\newsService.ts">
        <metrics statements="30" coveredstatements="9" conditionals="4" coveredconditionals="2" methods="15" coveredmethods="4"/>
        <line num="4" count="5" type="stmt"/>
        <line num="6" count="4" type="stmt"/>
        <line num="9" count="3" type="stmt"/>
        <line num="13" count="1" type="stmt"/>
        <line num="18" count="1" type="stmt"/>
        <line num="22" count="2" type="stmt"/>
        <line num="23" count="2" type="stmt"/>
        <line num="27" count="0" type="stmt"/>
        <line num="28" count="0" type="stmt"/>
        <line num="32" count="0" type="stmt"/>
        <line num="33" count="0" type="stmt"/>
        <line num="37" count="0" type="stmt"/>
        <line num="41" count="0" type="stmt"/>
        <line num="44" count="0" type="stmt"/>
        <line num="48" count="0" type="stmt"/>
        <line num="49" count="0" type="stmt"/>
        <line num="53" count="0" type="stmt"/>
        <line num="56" count="0" type="stmt"/>
        <line num="60" count="2" type="stmt"/>
        <line num="61" count="2" type="stmt"/>
        <line num="65" count="0" type="stmt"/>
        <line num="66" count="0" type="stmt"/>
        <line num="70" count="0" type="stmt"/>
        <line num="71" count="0" type="stmt"/>
        <line num="75" count="0" type="stmt"/>
        <line num="76" count="0" type="stmt"/>
        <line num="80" count="0" type="stmt"/>
        <line num="81" count="0" type="stmt"/>
        <line num="85" count="0" type="stmt"/>
        <line num="86" count="0" type="stmt"/>
      </file>
    </package>
    <package name="store">
      <metrics statements="4" coveredstatements="4" conditionals="0" coveredconditionals="0" methods="2" coveredmethods="1"/>
      <file name="index.ts" path="C:\Project\news-portal\frontend\src\store\index.ts">
        <metrics statements="4" coveredstatements="4" conditionals="0" coveredconditionals="0" methods="2" coveredmethods="1"/>
        <line num="7" count="5" type="stmt"/>
        <line num="14" count="5" type="stmt"/>
        <line num="26" count="5" type="stmt"/>
        <line num="27" count="5" type="stmt"/>
      </file>
    </package>
    <package name="store.auth">
      <metrics statements="97" coveredstatements="85" conditionals="8" coveredconditionals="3" methods="33" coveredmethods="22"/>
      <file name="authSlice.ts" path="C:\Project\news-portal\frontend\src\store\auth\authSlice.ts">
        <metrics statements="97" coveredstatements="85" conditionals="8" coveredconditionals="3" methods="33" coveredmethods="22"/>
        <line num="11" count="5" type="stmt"/>
        <line num="20" count="5" type="stmt"/>
        <line num="21" count="3" type="cond" truecount="1" falsecount="1"/>
        <line num="22" count="3" type="cond" truecount="1" falsecount="1"/>
        <line num="24" count="0" type="cond" truecount="0" falsecount="2"/>
        <line num="27" count="5" type="stmt"/>
        <line num="28" count="3" type="stmt"/>
        <line num="29" count="3" type="stmt"/>
        <line num="30" count="1" type="stmt"/>
        <line num="31" count="1" type="stmt"/>
        <line num="32" count="1" type="cond" truecount="1" falsecount="1"/>
        <line num="33" count="1" type="stmt"/>
        <line num="35" count="1" type="stmt"/>
        <line num="37" count="2" type="stmt"/>
        <line num="41" count="5" type="stmt"/>
        <line num="42" count="1" type="stmt"/>
        <line num="43" count="1" type="stmt"/>
        <line num="44" count="1" type="stmt"/>
        <line num="45" count="1" type="stmt"/>
        <line num="46" count="1" type="stmt"/>
        <line num="48" count="0" type="stmt"/>
        <line num="52" count="5" type="stmt"/>
        <line num="53" count="4" type="stmt"/>
        <line num="54" count="4" type="stmt"/>
        <line num="56" count="1" type="stmt"/>
        <line num="60" count="5" type="stmt"/>
        <line num="63" count="1" type="stmt"/>
        <line num="64" count="1" type="stmt"/>
        <line num="66" count="0" type="stmt"/>
        <line num="71" count="5" type="stmt"/>
        <line num="72" count="1" type="stmt"/>
        <line num="73" count="1" type="stmt"/>
        <line num="75" count="0" type="stmt"/>
        <line num="79" count="5" type="stmt"/>
        <line num="84" count="6" type="stmt"/>
        <line num="85" count="6" type="stmt"/>
        <line num="86" count="6" type="stmt"/>
        <line num="87" count="6" type="stmt"/>
        <line num="90" count="10" type="stmt"/>
        <line num="91" count="10" type="stmt"/>
        <line num="92" count="10" type="stmt"/>
        <line num="93" count="10" type="stmt"/>
        <line num="94" count="10" type="stmt"/>
        <line num="95" count="10" type="stmt"/>
        <line num="96" count="10" type="stmt"/>
        <line num="97" count="10" type="stmt"/>
        <line num="100" count="1" type="stmt"/>
        <line num="103" count="0" type="stmt"/>
        <line num="104" count="0" type="stmt"/>
        <line num="108" count="5" type="stmt"/>
        <line num="110" count="3" type="stmt"/>
        <line num="111" count="3" type="stmt"/>
        <line num="114" count="1" type="stmt"/>
        <line num="115" count="1" type="stmt"/>
        <line num="116" count="1" type="stmt"/>
        <line num="117" count="1" type="stmt"/>
        <line num="118" count="1" type="stmt"/>
        <line num="121" count="2" type="stmt"/>
        <line num="122" count="2" type="stmt"/>
        <line num="125" count="5" type="stmt"/>
        <line num="127" count="1" type="stmt"/>
        <line num="128" count="1" type="stmt"/>
        <line num="131" count="1" type="stmt"/>
        <line num="132" count="1" type="stmt"/>
        <line num="133" count="1" type="stmt"/>
        <line num="134" count="1" type="stmt"/>
        <line num="135" count="1" type="stmt"/>
        <line num="138" count="0" type="stmt"/>
        <line num="139" count="0" type="stmt"/>
        <line num="142" count="5" type="stmt"/>
        <line num="144" count="4" type="stmt"/>
        <line num="147" count="3" type="stmt"/>
        <line num="148" count="3" type="stmt"/>
        <line num="149" count="3" type="stmt"/>
        <line num="152" count="1" type="stmt"/>
        <line num="153" count="1" type="stmt"/>
        <line num="154" count="1" type="stmt"/>
        <line num="157" count="5" type="stmt"/>
        <line num="159" count="1" type="stmt"/>
        <line num="162" count="1" type="stmt"/>
        <line num="163" count="1" type="stmt"/>
        <line num="166" count="0" type="stmt"/>
        <line num="167" count="0" type="stmt"/>
        <line num="170" count="5" type="stmt"/>
        <line num="172" count="1" type="stmt"/>
        <line num="175" count="1" type="stmt"/>
        <line num="176" count="1" type="stmt"/>
        <line num="179" count="0" type="stmt"/>
        <line num="180" count="0" type="stmt"/>
        <line num="185" count="5" type="stmt"/>
        <line num="187" count="5" type="stmt"/>
        <line num="188" count="5" type="stmt"/>
        <line num="189" count="5" type="stmt"/>
        <line num="190" count="5" type="stmt"/>
        <line num="191" count="5" type="stmt"/>
        <line num="192" count="5" type="stmt"/>
        <line num="193" count="5" type="stmt"/>
      </file>
    </package>
    <package name="store.news">
      <metrics statements="142" coveredstatements="71" conditionals="24" coveredconditionals="5" methods="61" coveredmethods="16"/>
      <file name="newsSlice.ts" path="C:\Project\news-portal\frontend\src\store\news\newsSlice.ts">
        <metrics statements="142" coveredstatements="71" conditionals="24" coveredconditionals="5" methods="61" coveredmethods="16"/>
        <line num="7" count="5" type="stmt"/>
        <line num="30" count="5" type="stmt"/>
        <line num="47" count="5" type="stmt"/>
        <line num="48" count="1" type="cond" truecount="1" falsecount="1"/>
        <line num="49" count="1" type="cond" truecount="1" falsecount="1"/>
        <line num="51" count="0" type="cond" truecount="0" falsecount="2"/>
        <line num="54" count="5" type="stmt"/>
        <line num="55" count="3" type="stmt"/>
        <line num="56" count="3" type="stmt"/>
        <line num="57" count="3" type="stmt"/>
        <line num="59" count="1" type="stmt"/>
        <line num="63" count="5" type="stmt"/>
        <line num="64" count="1" type="stmt"/>
        <line num="65" count="1" type="stmt"/>
        <line num="67" count="0" type="stmt"/>
        <line num="71" count="5" type="stmt"/>
        <line num="72" count="1" type="stmt"/>
        <line num="73" count="1" type="stmt"/>
        <line num="75" count="0" type="stmt"/>
        <line num="79" count="5" type="stmt"/>
        <line num="80" count="0" type="stmt"/>
        <line num="81" count="0" type="stmt"/>
        <line num="83" count="0" type="stmt"/>
        <line num="87" count="5" type="stmt"/>
        <line num="90" count="0" type="stmt"/>
        <line num="91" count="0" type="stmt"/>
        <line num="93" count="0" type="stmt"/>
        <line num="98" count="5" type="stmt"/>
        <line num="99" count="0" type="stmt"/>
        <line num="100" count="0" type="stmt"/>
        <line num="101" count="0" type="stmt"/>
        <line num="103" count="0" type="stmt"/>
        <line num="107" count="5" type="stmt"/>
        <line num="110" count="0" type="stmt"/>
        <line num="111" count="0" type="stmt"/>
        <line num="113" count="0" type="stmt"/>
        <line num="118" count="5" type="stmt"/>
        <line num="119" count="0" type="stmt"/>
        <line num="120" count="0" type="stmt"/>
        <line num="122" count="0" type="stmt"/>
        <line num="126" count="5" type="stmt"/>
        <line num="127" count="0" type="stmt"/>
        <line num="128" count="0" type="stmt"/>
        <line num="129" count="0" type="stmt"/>
        <line num="131" count="0" type="stmt"/>
        <line num="135" count="5" type="stmt"/>
        <line num="140" count="0" type="stmt"/>
        <line num="143" count="1" type="stmt"/>
        <line num="146" count="1" type="cond" truecount="1" falsecount="1"/>
        <line num="147" count="1" type="stmt"/>
        <line num="150" count="1" type="stmt"/>
        <line num="151" count="1" type="stmt"/>
        <line num="154" count="0" type="stmt"/>
        <line num="155" count="0" type="stmt"/>
        <line num="158" count="0" type="stmt"/>
        <line num="159" count="0" type="stmt"/>
        <line num="162" count="1" type="stmt"/>
        <line num="165" count="0" type="stmt"/>
        <line num="168" count="0" type="stmt"/>
        <line num="170" count="0" type="stmt"/>
        <line num="173" count="5" type="stmt"/>
        <line num="175" count="3" type="stmt"/>
        <line num="176" count="3" type="stmt"/>
        <line num="179" count="2" type="stmt"/>
        <line num="180" count="2" type="cond" truecount="2" falsecount="0"/>
        <line num="181" count="1" type="stmt"/>
        <line num="183" count="1" type="stmt"/>
        <line num="185" count="2" type="stmt"/>
        <line num="186" count="2" type="stmt"/>
        <line num="187" count="2" type="stmt"/>
        <line num="188" count="2" type="stmt"/>
        <line num="189" count="2" type="stmt"/>
        <line num="192" count="1" type="stmt"/>
        <line num="193" count="1" type="stmt"/>
        <line num="194" count="1" type="stmt"/>
        <line num="197" count="5" type="stmt"/>
        <line num="199" count="1" type="stmt"/>
        <line num="200" count="1" type="stmt"/>
        <line num="203" count="1" type="stmt"/>
        <line num="204" count="1" type="stmt"/>
        <line num="207" count="0" type="stmt"/>
        <line num="208" count="0" type="stmt"/>
        <line num="211" count="5" type="stmt"/>
        <line num="213" count="1" type="stmt"/>
        <line num="214" count="1" type="stmt"/>
        <line num="217" count="1" type="stmt"/>
        <line num="218" count="1" type="stmt"/>
        <line num="221" count="0" type="stmt"/>
        <line num="222" count="0" type="stmt"/>
        <line num="225" count="5" type="stmt"/>
        <line num="227" count="0" type="stmt"/>
        <line num="228" count="0" type="stmt"/>
        <line num="231" count="0" type="stmt"/>
        <line num="232" count="0" type="stmt"/>
        <line num="235" count="0" type="stmt"/>
        <line num="236" count="0" type="stmt"/>
        <line num="239" count="5" type="stmt"/>
        <line num="241" count="0" type="stmt"/>
        <line num="242" count="0" type="stmt"/>
        <line num="245" count="0" type="stmt"/>
        <line num="246" count="0" type="stmt"/>
        <line num="247" count="0" type="cond" truecount="0" falsecount="2"/>
        <line num="248" count="0" type="cond" truecount="0" falsecount="2"/>
        <line num="251" count="0" type="stmt"/>
        <line num="252" count="0" type="stmt"/>
        <line num="255" count="5" type="stmt"/>
        <line num="257" count="0" type="stmt"/>
        <line num="258" count="0" type="stmt"/>
        <line num="261" count="0" type="stmt"/>
        <line num="262" count="0" type="stmt"/>
        <line num="263" count="0" type="cond" truecount="0" falsecount="2"/>
        <line num="266" count="0" type="stmt"/>
        <line num="267" count="0" type="stmt"/>
        <line num="270" count="5" type="stmt"/>
        <line num="272" count="0" type="stmt"/>
        <line num="275" count="0" type="stmt"/>
        <line num="276" count="0" type="stmt"/>
        <line num="277" count="0" type="cond" truecount="0" falsecount="2"/>
        <line num="278" count="0" type="cond" truecount="0" falsecount="2"/>
        <line num="281" count="0" type="stmt"/>
        <line num="282" count="0" type="stmt"/>
        <line num="285" count="5" type="stmt"/>
        <line num="286" count="0" type="stmt"/>
        <line num="287" count="0" type="cond" truecount="0" falsecount="2"/>
        <line num="288" count="0" type="cond" truecount="0" falsecount="2"/>
        <line num="291" count="5" type="stmt"/>
        <line num="293" count="0" type="stmt"/>
        <line num="296" count="0" type="stmt"/>
        <line num="297" count="0" type="stmt"/>
        <line num="300" count="0" type="stmt"/>
        <line num="301" count="0" type="stmt"/>
        <line num="307" count="5" type="stmt"/>
        <line num="309" count="5" type="stmt"/>
        <line num="310" count="5" type="stmt"/>
        <line num="311" count="5" type="stmt"/>
        <line num="312" count="5" type="stmt"/>
        <line num="313" count="5" type="stmt"/>
        <line num="314" count="5" type="stmt"/>
        <line num="315" count="5" type="stmt"/>
        <line num="321" count="5" type="stmt"/>
        <line num="322" count="5" type="stmt"/>
        <line num="323" count="5" type="stmt"/>
      </file>
    </package>
    <package name="store.ui">
      <metrics statements="18" coveredstatements="8" conditionals="6" coveredconditionals="2" methods="15" coveredmethods="0"/>
      <file name="uiSlice.ts" path="C:\Project\news-portal\frontend\src\store\ui\uiSlice.ts">
        <metrics statements="18" coveredstatements="8" conditionals="6" coveredconditionals="2" methods="15" coveredmethods="0"/>
        <line num="20" count="5" type="stmt"/>
        <line num="28" count="5" type="stmt"/>
        <line num="33" count="0" type="cond" truecount="0" falsecount="2"/>
        <line num="34" count="0" type="stmt"/>
        <line num="37" count="0" type="stmt"/>
        <line num="38" count="0" type="stmt"/>
        <line num="41" count="0" type="stmt"/>
        <line num="44" count="0" type="stmt"/>
        <line num="47" count="0" type="stmt"/>
        <line num="50" count="0" type="stmt"/>
        <line num="53" count="0" type="stmt"/>
        <line num="56" count="0" type="stmt"/>
        <line num="62" count="5" type="stmt"/>
        <line num="65" count="5" type="stmt"/>
        <line num="66" count="5" type="stmt"/>
        <line num="67" count="5" type="stmt"/>
        <line num="68" count="5" type="cond" truecount="0" falsecount="2"/>
        <line num="69" count="5" type="stmt"/>
      </file>
    </package>
    <package name="test-utils">
      <metrics statements="6" coveredstatements="2" conditionals="4" coveredconditionals="0" methods="4" coveredmethods="2"/>
      <file name="index.ts" path="C:\Project\news-portal\frontend\src\test-utils\index.ts">
        <metrics statements="0" coveredstatements="0" conditionals="0" coveredconditionals="0" methods="0" coveredmethods="0"/>
      </file>
      <file name="renderWithProviders.tsx" path="C:\Project\news-portal\frontend\src\test-utils\renderWithProviders.tsx">
        <metrics statements="6" coveredstatements="2" conditionals="4" coveredconditionals="0" methods="4" coveredmethods="2"/>
        <line num="16" count="9" type="stmt"/>
        <line num="24" count="9" type="stmt"/>
        <line num="47" count="0" type="stmt"/>
        <line num="49" count="0" type="cond" truecount="0" falsecount="2"/>
        <line num="58" count="0" type="stmt"/>
        <line num="75" count="0" type="stmt"/>
      </file>
    </package>
    <package name="test-utils.msw">
      <metrics statements="24" coveredstatements="23" conditionals="2" coveredconditionals="1" methods="13" coveredmethods="12"/>
      <file name="authFixtures.ts" path="C:\Project\news-portal\frontend\src\test-utils\msw\authFixtures.ts">
        <metrics statements="2" coveredstatements="2" conditionals="0" coveredconditionals="0" methods="0" coveredmethods="0"/>
        <line num="3" count="11" type="stmt"/>
        <line num="23" count="11" type="stmt"/>
      </file>
      <file name="handlers.ts" path="C:\Project\news-portal\frontend\src\test-utils\msw\handlers.ts">
        <metrics statements="21" coveredstatements="20" conditionals="2" coveredconditionals="1" methods="13" coveredmethods="12"/>
        <line num="7" count="11" type="stmt"/>
        <line num="25" count="11" type="stmt"/>
        <line num="33" count="11" type="stmt"/>
        <line num="45" count="11" type="stmt"/>
        <line num="54" count="11" type="stmt"/>
        <line num="55" count="2" type="stmt"/>
        <line num="56" count="2" type="stmt"/>
        <line num="58" count="2" type="stmt"/>
        <line num="61" count="1" type="stmt"/>
        <line num="62" count="1" type="stmt"/>
        <line num="67" count="0" type="stmt"/>
        <line num="68" count="2" type="stmt"/>
        <line num="69" count="2" type="stmt"/>
        <line num="70" count="1" type="stmt"/>
        <line num="71" count="2" type="stmt"/>
        <line num="72" count="1" type="stmt"/>
        <line num="73" count="4" type="stmt"/>
        <line num="75" count="2" type="stmt"/>
        <line num="76" count="2" type="stmt"/>
        <line num="79" count="2" type="stmt"/>
        <line num="80" count="2" type="stmt"/>
      </file>
      <file name="server.ts" path="C:\Project\news-portal\frontend\src\test-utils\msw\server.ts">
        <metrics statements="1" coveredstatements="1" conditionals="0" coveredconditionals="0" methods="0" coveredmethods="0"/>
        <line num="4" count="11" type="stmt"/>
      </file>
    </package>
    <package name="types">
      <metrics statements="0" coveredstatements="0" conditionals="0" coveredconditionals="0" methods="0" coveredmethods="0"/>
      <file name="index.ts" path="C:\Project\news-portal\frontend\src\types\index.ts">
        <metrics statements="0" coveredstatements="0" conditionals="0" coveredconditionals="0" methods="0" coveredmethods="0"/>
      </file>
    </package>
    <package name="utils">
      <metrics statements="30" coveredstatements="30" conditionals="30" coveredconditionals="30" methods="7" coveredmethods="7"/>
      <file name="formatAppliedFilters.ts" path="C:\Project\news-portal\frontend\src\utils\formatAppliedFilters.ts">
        <metrics statements="8" coveredstatements="8" conditionals="14" coveredconditionals="14" methods="1" coveredmethods="1"/>
        <line num="5" count="5" type="stmt"/>
        <line num="6" count="5" type="cond" truecount="2" falsecount="0"/>
        <line num="7" count="5" type="cond" truecount="2" falsecount="0"/>
        <line num="8" count="5" type="cond" truecount="2" falsecount="0"/>
        <line num="9" count="5" type="cond" truecount="2" falsecount="0"/>
        <line num="10" count="5" type="cond" truecount="2" falsecount="0"/>
        <line num="11" count="5" type="cond" truecount="4" falsecount="0"/>
        <line num="12" count="5" type="stmt"/>
      </file>
      <file name="formatDate.ts" path="C:\Project\news-portal\frontend\src\utils\formatDate.ts">
        <metrics statements="12" coveredstatements="12" conditionals="8" coveredconditionals="8" methods="3" coveredmethods="3"/>
        <line num="1" count="2" type="stmt"/>
        <line num="2" count="5" type="stmt"/>
        <line num="3" count="5" type="stmt"/>
        <line num="4" count="5" type="stmt"/>
        <line num="5" count="5" type="cond" truecount="2" falsecount="0"/>
        <line num="6" count="4" type="cond" truecount="2" falsecount="0"/>
        <line num="7" count="3" type="cond" truecount="2" falsecount="0"/>
        <line num="8" count="2" type="cond" truecount="2" falsecount="0"/>
        <line num="9" count="1" type="stmt"/>
        <line num="12" count="2" type="stmt"/>
        <line num="13" count="2" type="stmt"/>
        <line num="21" count="2" type="stmt"/>
      </file>
      <file name="getCategoryColor.ts" path="C:\Project\news-portal\frontend\src\utils\getCategoryColor.ts">
        <metrics statements="3" coveredstatements="3" conditionals="2" coveredconditionals="2" methods="1" coveredmethods="1"/>
        <line num="1" count="2" type="stmt"/>
        <line num="2" count="4" type="stmt"/>
        <line num="13" count="4" type="cond" truecount="2" falsecount="0"/>
      </file>
      <file name="getCategoryLabel.ts" path="C:\Project\news-portal\frontend\src\utils\getCategoryLabel.ts">
        <metrics statements="3" coveredstatements="3" conditionals="2" coveredconditionals="2" methods="1" coveredmethods="1"/>
        <line num="1" count="3" type="stmt"/>
        <line num="2" count="6" type="stmt"/>
        <line num="13" count="6" type="cond" truecount="2" falsecount="0"/>
      </file>
      <file name="truncateText.ts" path="C:\Project\news-portal\frontend\src\utils\truncateText.ts">
        <metrics statements="4" coveredstatements="4" conditionals="4" coveredconditionals="4" methods="1" coveredmethods="1"/>
        <line num="2" count="8" type="cond" truecount="2" falsecount="0"/>
        <line num="3" count="5" type="stmt"/>
        <line num="4" count="5" type="cond" truecount="2" falsecount="0"/>
        <line num="5" count="1" type="stmt"/>
      </file>
    </package>
  </project>
</coverage>
