{"C:\\Project\\news-portal\\frontend\\src\\components\\NewsDetailModal.tsx": {"path":"C:\\Project\\news-portal\\frontend\\src\\components\\NewsDetailModal.tsx","statementMap":{"0":{"start":{"line":24,"column":35},"end":{"line":24,"column":null}},"1":{"start":{"line":30,"column":6},"end":{"line":263,"column":null}},"2":{"start":{"line":31,"column":68},"end":{"line":31,"column":76}},"3":{"start":{"line":32,"column":40},"end":{"line":32,"column":null}},"4":{"start":{"line":33,"column":32},"end":{"line":33,"column":null}},"5":{"start":{"line":34,"column":38},"end":{"line":34,"column":null}},"6":{"start":{"line":36,"column":19},"end":{"line":48,"column":null}},"7":{"start":{"line":37,"column":11},"end":{"line":46,"column":null}},"8":{"start":{"line":50,"column":20},"end":{"line":59,"column":null}},"9":{"start":{"line":51,"column":18},"end":{"line":51,"column":null}},"10":{"start":{"line":52,"column":4},"end":{"line":52,"column":null}},"11":{"start":{"line":52,"column":16},"end":{"line":52,"column":null}},"12":{"start":{"line":53,"column":4},"end":{"line":58,"column":null}},"13":{"start":{"line":54,"column":20},"end":{"line":54,"column":null}},"14":{"start":{"line":55,"column":6},"end":{"line":55,"column":null}},"15":{"start":{"line":57,"column":6},"end":{"line":57,"column":null}},"16":{"start":{"line":61,"column":24},"end":{"line":70,"column":null}},"17":{"start":{"line":62,"column":18},"end":{"line":62,"column":null}},"18":{"start":{"line":63,"column":4},"end":{"line":63,"column":null}},"19":{"start":{"line":63,"column":16},"end":{"line":63,"column":null}},"20":{"start":{"line":64,"column":4},"end":{"line":69,"column":null}},"21":{"start":{"line":65,"column":25},"end":{"line":65,"column":null}},"22":{"start":{"line":66,"column":6},"end":{"line":66,"column":null}},"23":{"start":{"line":68,"column":6},"end":{"line":68,"column":null}},"24":{"start":{"line":72,"column":2},"end":{"line":88,"column":null}},"25":{"start":{"line":73,"column":18},"end":{"line":73,"column":null}},"26":{"start":{"line":74,"column":17},"end":{"line":82,"column":null}},"27":{"start":{"line":75,"column":6},"end":{"line":75,"column":null}},"28":{"start":{"line":75,"column":19},"end":{"line":75,"column":null}},"29":{"start":{"line":76,"column":6},"end":{"line":76,"column":null}},"30":{"start":{"line":77,"column":6},"end":{"line":77,"column":null}},"31":{"start":{"line":77,"column":20},"end":{"line":77,"column":null}},"32":{"start":{"line":78,"column":20},"end":{"line":78,"column":null}},"33":{"start":{"line":79,"column":6},"end":{"line":81,"column":null}},"34":{"start":{"line":80,"column":8},"end":{"line":80,"column":null}},"35":{"start":{"line":83,"column":4},"end":{"line":83,"column":null}},"36":{"start":{"line":84,"column":4},"end":{"line":87,"column":null}},"37":{"start":{"line":85,"column":6},"end":{"line":85,"column":null}},"38":{"start":{"line":86,"column":6},"end":{"line":86,"column":null}},"39":{"start":{"line":90,"column":31},"end":{"line":108,"column":null}},"40":{"start":{"line":91,"column":18},"end":{"line":91,"column":null}},"41":{"start":{"line":92,"column":4},"end":{"line":95,"column":null}},"42":{"start":{"line":93,"column":6},"end":{"line":93,"column":null}},"43":{"start":{"line":94,"column":6},"end":{"line":94,"column":null}},"44":{"start":{"line":97,"column":4},"end":{"line":107,"column":null}},"45":{"start":{"line":98,"column":21},"end":{"line":98,"column":null}},"46":{"start":{"line":99,"column":6},"end":{"line":99,"column":null}},"47":{"start":{"line":100,"column":6},"end":{"line":100,"column":null}},"48":{"start":{"line":102,"column":6},"end":{"line":106,"column":null}},"49":{"start":{"line":103,"column":8},"end":{"line":103,"column":null}},"50":{"start":{"line":105,"column":8},"end":{"line":105,"column":null}},"51":{"start":{"line":110,"column":21},"end":{"line":125,"column":null}},"52":{"start":{"line":111,"column":18},"end":{"line":111,"column":null}},"53":{"start":{"line":112,"column":4},"end":{"line":115,"column":null}},"54":{"start":{"line":113,"column":6},"end":{"line":113,"column":null}},"55":{"start":{"line":114,"column":6},"end":{"line":114,"column":null}},"56":{"start":{"line":117,"column":4},"end":{"line":124,"column":null}},"57":{"start":{"line":118,"column":21},"end":{"line":118,"column":null}},"58":{"start":{"line":119,"column":6},"end":{"line":119,"column":null}},"59":{"start":{"line":120,"column":6},"end":{"line":120,"column":null}},"60":{"start":{"line":122,"column":6},"end":{"line":122,"column":null}},"61":{"start":{"line":123,"column":6},"end":{"line":123,"column":null}},"62":{"start":{"line":127,"column":22},"end":{"line":144,"column":null}},"63":{"start":{"line":128,"column":4},"end":{"line":128,"column":null}},"64":{"start":{"line":128,"column":22},"end":{"line":128,"column":null}},"65":{"start":{"line":129,"column":16},"end":{"line":129,"column":null}},"66":{"start":{"line":130,"column":4},"end":{"line":143,"column":null}},"67":{"start":{"line":131,"column":6},"end":{"line":138,"column":null}},"68":{"start":{"line":132,"column":8},"end":{"line":136,"column":null}},"69":{"start":{"line":137,"column":8},"end":{"line":137,"column":null}},"70":{"start":{"line":139,"column":6},"end":{"line":139,"column":null}},"71":{"start":{"line":140,"column":6},"end":{"line":140,"column":null}},"72":{"start":{"line":142,"column":6},"end":{"line":142,"column":null}},"73":{"start":{"line":146,"column":2},"end":{"line":152,"column":null}},"74":{"start":{"line":147,"column":4},"end":{"line":150,"column":null}},"75":{"start":{"line":154,"column":2},"end":{"line":156,"column":null}},"76":{"start":{"line":155,"column":4},"end":{"line":155,"column":null}},"77":{"start":{"line":158,"column":25},"end":{"line":158,"column":null}},"78":{"start":{"line":160,"column":2},"end":{"line":261,"column":null}},"79":{"start":{"line":229,"column":10},"end":{"line":231,"column":null}}},"fnMap":{"0":{"name":"(anonymous_0)","decl":{"start":{"line":30,"column":6},"end":{"line":30,"column":42}},"loc":{"start":{"line":30,"column":57},"end":{"line":263,"column":null}},"line":30},"1":{"name":"(anonymous_1)","decl":{"start":{"line":36,"column":19},"end":{"line":36,"column":null}},"loc":{"start":{"line":37,"column":11},"end":{"line":46,"column":null}},"line":37},"2":{"name":"(anonymous_2)","decl":{"start":{"line":50,"column":32},"end":{"line":50,"column":44}},"loc":{"start":{"line":50,"column":44},"end":{"line":59,"column":5}},"line":50},"3":{"name":"(anonymous_3)","decl":{"start":{"line":61,"column":36},"end":{"line":61,"column":48}},"loc":{"start":{"line":61,"column":48},"end":{"line":70,"column":5}},"line":61},"4":{"name":"(anonymous_4)","decl":{"start":{"line":72,"column":2},"end":{"line":72,"column":18}},"loc":{"start":{"line":72,"column":18},"end":{"line":88,"column":5}},"line":72},"5":{"name":"(anonymous_5)","decl":{"start":{"line":74,"column":17},"end":{"line":74,"column":29}},"loc":{"start":{"line":74,"column":29},"end":{"line":82,"column":null}},"line":74},"6":{"name":"(anonymous_6)","decl":{"start":{"line":84,"column":4},"end":{"line":84,"column":17}},"loc":{"start":{"line":84,"column":17},"end":{"line":87,"column":null}},"line":84},"7":{"name":"(anonymous_7)","decl":{"start":{"line":90,"column":31},"end":{"line":90,"column":43}},"loc":{"start":{"line":90,"column":43},"end":{"line":108,"column":null}},"line":90},"8":{"name":"(anonymous_8)","decl":{"start":{"line":110,"column":21},"end":{"line":110,"column":33}},"loc":{"start":{"line":110,"column":33},"end":{"line":125,"column":null}},"line":110},"9":{"name":"(anonymous_9)","decl":{"start":{"line":127,"column":22},"end":{"line":127,"column":34}},"loc":{"start":{"line":127,"column":34},"end":{"line":144,"column":null}},"line":127},"10":{"name":"(anonymous_10)","decl":{"start":{"line":228,"column":27},"end":{"line":228,"column":32}},"loc":{"start":{"line":229,"column":10},"end":{"line":231,"column":null}},"line":229}},"branchMap":{"0":{"loc":{"start":{"line":38,"column":13},"end":{"line":38,"column":null}},"type":"binary-expr","locations":[{"start":{"line":38,"column":13},"end":{"line":38,"column":35}},{"start":{"line":38,"column":35},"end":{"line":38,"column":null}}],"line":38},"1":{"loc":{"start":{"line":45,"column":46},"end":{"line":45,"column":null}},"type":"binary-expr","locations":[{"start":{"line":45,"column":46},"end":{"line":45,"column":65}},{"start":{"line":45,"column":65},"end":{"line":45,"column":null}}],"line":45},"2":{"loc":{"start":{"line":52,"column":4},"end":{"line":52,"column":null}},"type":"if","locations":[{"start":{"line":52,"column":4},"end":{"line":52,"column":null}},{"start":{},"end":{}}],"line":52},"3":{"loc":{"start":{"line":63,"column":4},"end":{"line":63,"column":null}},"type":"if","locations":[{"start":{"line":63,"column":4},"end":{"line":63,"column":null}},{"start":{},"end":{}}],"line":63},"4":{"loc":{"start":{"line":75,"column":6},"end":{"line":75,"column":null}},"type":"if","locations":[{"start":{"line":75,"column":6},"end":{"line":75,"column":null}},{"start":{},"end":{}}],"line":75},"5":{"loc":{"start":{"line":77,"column":6},"end":{"line":77,"column":null}},"type":"if","locations":[{"start":{"line":77,"column":6},"end":{"line":77,"column":null}},{"start":{},"end":{}}],"line":77},"6":{"loc":{"start":{"line":79,"column":6},"end":{"line":81,"column":null}},"type":"if","locations":[{"start":{"line":79,"column":6},"end":{"line":81,"column":null}},{"start":{},"end":{}}],"line":79},"7":{"loc":{"start":{"line":92,"column":4},"end":{"line":95,"column":null}},"type":"if","locations":[{"start":{"line":92,"column":4},"end":{"line":95,"column":null}},{"start":{},"end":{}}],"line":92},"8":{"loc":{"start":{"line":100,"column":22},"end":{"line":100,"column":90}},"type":"cond-expr","locations":[{"start":{"line":100,"column":41},"end":{"line":100,"column":67}},{"start":{"line":100,"column":67},"end":{"line":100,"column":90}}],"line":100},"9":{"loc":{"start":{"line":102,"column":6},"end":{"line":106,"column":null}},"type":"if","locations":[{"start":{"line":102,"column":6},"end":{"line":106,"column":null}},{"start":{"line":104,"column":13},"end":{"line":106,"column":null}}],"line":102},"10":{"loc":{"start":{"line":102,"column":10},"end":{"line":102,"column":71}},"type":"binary-expr","locations":[{"start":{"line":102,"column":10},"end":{"line":102,"column":39}},{"start":{"line":102,"column":39},"end":{"line":102,"column":71}}],"line":102},"11":{"loc":{"start":{"line":112,"column":4},"end":{"line":115,"column":null}},"type":"if","locations":[{"start":{"line":112,"column":4},"end":{"line":115,"column":null}},{"start":{},"end":{}}],"line":112},"12":{"loc":{"start":{"line":122,"column":35},"end":{"line":122,"column":91}},"type":"cond-expr","locations":[{"start":{"line":122,"column":63},"end":{"line":122,"column":86}},{"start":{"line":122,"column":86},"end":{"line":122,"column":91}}],"line":122},"13":{"loc":{"start":{"line":128,"column":4},"end":{"line":128,"column":null}},"type":"if","locations":[{"start":{"line":128,"column":4},"end":{"line":128,"column":null}},{"start":{},"end":{}}],"line":128},"14":{"loc":{"start":{"line":131,"column":6},"end":{"line":138,"column":null}},"type":"if","locations":[{"start":{"line":131,"column":6},"end":{"line":138,"column":null}},{"start":{},"end":{}}],"line":131},"15":{"loc":{"start":{"line":134,"column":16},"end":{"line":134,"column":null}},"type":"binary-expr","locations":[{"start":{"line":134,"column":16},"end":{"line":134,"column":39}},{"start":{"line":134,"column":39},"end":{"line":134,"column":null}}],"line":134},"16":{"loc":{"start":{"line":146,"column":2},"end":{"line":152,"column":null}},"type":"if","locations":[{"start":{"line":146,"column":2},"end":{"line":152,"column":null}},{"start":{},"end":{}}],"line":146},"17":{"loc":{"start":{"line":154,"column":2},"end":{"line":156,"column":null}},"type":"if","locations":[{"start":{"line":154,"column":2},"end":{"line":156,"column":null}},{"start":{},"end":{}}],"line":154},"18":{"loc":{"start":{"line":158,"column":25},"end":{"line":158,"column":null}},"type":"binary-expr","locations":[{"start":{"line":158,"column":25},"end":{"line":158,"column":39}},{"start":{"line":158,"column":39},"end":{"line":158,"column":60}},{"start":{"line":158,"column":60},"end":{"line":158,"column":null}}],"line":158},"19":{"loc":{"start":{"line":165,"column":15},"end":{"line":165,"column":null}},"type":"cond-expr","locations":[{"start":{"line":165,"column":43},"end":{"line":165,"column":68}},{"start":{"line":165,"column":68},"end":{"line":165,"column":null}}],"line":165},"20":{"loc":{"start":{"line":167,"column":10},"end":{"line":169,"column":null}},"type":"cond-expr","locations":[{"start":{"line":168,"column":14},"end":{"line":168,"column":null}},{"start":{"line":169,"column":14},"end":{"line":169,"column":null}}],"line":167},"21":{"loc":{"start":{"line":171,"column":14},"end":{"line":171,"column":null}},"type":"cond-expr","locations":[{"start":{"line":171,"column":42},"end":{"line":171,"column":51}},{"start":{"line":171,"column":51},"end":{"line":171,"column":null}}],"line":171},"22":{"loc":{"start":{"line":183,"column":27},"end":{"line":183,"column":50}},"type":"binary-expr","locations":[{"start":{"line":183,"column":27},"end":{"line":183,"column":48}},{"start":{"line":183,"column":48},"end":{"line":183,"column":50}}],"line":183},"23":{"loc":{"start":{"line":185,"column":9},"end":{"line":188,"column":null}},"type":"binary-expr","locations":[{"start":{"line":185,"column":9},"end":{"line":185,"column":null}},{"start":{"line":186,"column":10},"end":{"line":188,"column":null}}],"line":185},"24":{"loc":{"start":{"line":193,"column":22},"end":{"line":193,"column":67}},"type":"cond-expr","locations":[{"start":{"line":193,"column":32},"end":{"line":193,"column":50}},{"start":{"line":193,"column":49},"end":{"line":193,"column":67}}],"line":193},"25":{"loc":{"start":{"line":197,"column":16},"end":{"line":197,"column":null}},"type":"cond-expr","locations":[{"start":{"line":197,"column":30},"end":{"line":197,"column":49}},{"start":{"line":197,"column":48},"end":{"line":197,"column":null}}],"line":197},"26":{"loc":{"start":{"line":200,"column":16},"end":{"line":200,"column":null}},"type":"cond-expr","locations":[{"start":{"line":200,"column":30},"end":{"line":200,"column":42}},{"start":{"line":200,"column":42},"end":{"line":200,"column":null}}],"line":200},"27":{"loc":{"start":{"line":203,"column":11},"end":{"line":203,"column":null}},"type":"cond-expr","locations":[{"start":{"line":203,"column":25},"end":{"line":203,"column":41}},{"start":{"line":203,"column":41},"end":{"line":203,"column":null}}],"line":203},"28":{"loc":{"start":{"line":214,"column":9},"end":{"line":221,"column":null}},"type":"cond-expr","locations":[{"start":{"line":215,"column":10},"end":{"line":219,"column":11}},{"start":{"line":219,"column":10},"end":{"line":221,"column":null}}],"line":214},"29":{"loc":{"start":{"line":223,"column":9},"end":{"line":226,"column":null}},"type":"binary-expr","locations":[{"start":{"line":223,"column":9},"end":{"line":223,"column":null}},{"start":{"line":224,"column":10},"end":{"line":226,"column":null}}],"line":223},"30":{"loc":{"start":{"line":237,"column":7},"end":{"line":243,"column":null}},"type":"binary-expr","locations":[{"start":{"line":237,"column":7},"end":{"line":237,"column":null}},{"start":{"line":238,"column":8},"end":{"line":243,"column":null}}],"line":237},"31":{"loc":{"start":{"line":246,"column":7},"end":{"line":249,"column":null}},"type":"binary-expr","locations":[{"start":{"line":246,"column":7},"end":{"line":246,"column":null}},{"start":{"line":247,"column":8},"end":{"line":249,"column":null}}],"line":246},"32":{"loc":{"start":{"line":254,"column":7},"end":{"line":259,"column":null}},"type":"binary-expr","locations":[{"start":{"line":254,"column":7},"end":{"line":254,"column":null}},{"start":{"line":255,"column":8},"end":{"line":259,"column":null}}],"line":254},"33":{"loc":{"start":{"line":257,"column":32},"end":{"line":257,"column":null}},"type":"binary-expr","locations":[{"start":{"line":257,"column":32},"end":{"line":257,"column":54}},{"start":{"line":257,"column":54},"end":{"line":257,"column":null}}],"line":257}},"s":{"0":1,"1":1,"2":1,"3":1,"4":1,"5":1,"6":1,"7":1,"8":1,"9":0,"10":0,"11":0,"12":0,"13":0,"14":0,"15":0,"16":1,"17":0,"18":0,"19":0,"20":0,"21":0,"22":0,"23":0,"24":1,"25":1,"26":1,"27":1,"28":0,"29":1,"30":1,"31":0,"32":1,"33":1,"34":0,"35":1,"36":1,"37":1,"38":1,"39":1,"40":0,"41":0,"42":0,"43":0,"44":0,"45":0,"46":0,"47":0,"48":0,"49":0,"50":0,"51":1,"52":0,"53":0,"54":0,"55":0,"56":0,"57":0,"58":0,"59":0,"60":0,"61":0,"62":1,"63":0,"64":0,"65":0,"66":0,"67":0,"68":0,"69":0,"70":0,"71":0,"72":0,"73":1,"74":0,"75":1,"76":0,"77":1,"78":1,"79":1},"f":{"0":1,"1":1,"2":0,"3":0,"4":1,"5":1,"6":1,"7":0,"8":0,"9":0,"10":1},"b":{"0":[1,0],"1":[1,0],"2":[0,0],"3":[0,0],"4":[0,1],"5":[0,1],"6":[0,1],"7":[0,0],"8":[0,0],"9":[0,0],"10":[0,0],"11":[0,0],"12":[0,0],"13":[0,0],"14":[0,0],"15":[0,0],"16":[0,1],"17":[0,1],"18":[1,1,0],"19":[1,0],"20":[1,0],"21":[1,0],"22":[1,0],"23":[1,1],"24":[0,1],"25":[0,1],"26":[0,1],"27":[0,1],"28":[1,0],"29":[1,1],"30":[1,0],"31":[1,1],"32":[1,1],"33":[1,0]},"meta":{"lastBranch":34,"lastFunction":11,"lastStatement":80,"seen":{"s:24:35:24:Infinity":0,"s:30:6:263:Infinity":1,"f:30:6:30:42":0,"s:31:68:31:76":2,"s:32:40:32:Infinity":3,"s:33:32:33:Infinity":4,"s:34:38:34:Infinity":5,"s:36:19:48:Infinity":6,"f:36:19:36:Infinity":1,"s:37:11:46:Infinity":7,"b:38:13:38:35:38:35:38:Infinity":0,"b:45:46:45:65:45:65:45:Infinity":1,"s:50:20:59:Infinity":8,"f:50:32:50:44":2,"s:51:18:51:Infinity":9,"b:52:4:52:Infinity:undefined:undefined:undefined:undefined":2,"s:52:4:52:Infinity":10,"s:52:16:52:Infinity":11,"s:53:4:58:Infinity":12,"s:54:20:54:Infinity":13,"s:55:6:55:Infinity":14,"s:57:6:57:Infinity":15,"s:61:24:70:Infinity":16,"f:61:36:61:48":3,"s:62:18:62:Infinity":17,"b:63:4:63:Infinity:undefined:undefined:undefined:undefined":3,"s:63:4:63:Infinity":18,"s:63:16:63:Infinity":19,"s:64:4:69:Infinity":20,"s:65:25:65:Infinity":21,"s:66:6:66:Infinity":22,"s:68:6:68:Infinity":23,"s:72:2:88:Infinity":24,"f:72:2:72:18":4,"s:73:18:73:Infinity":25,"s:74:17:82:Infinity":26,"f:74:17:74:29":5,"b:75:6:75:Infinity:undefined:undefined:undefined:undefined":4,"s:75:6:75:Infinity":27,"s:75:19:75:Infinity":28,"s:76:6:76:Infinity":29,"b:77:6:77:Infinity:undefined:undefined:undefined:undefined":5,"s:77:6:77:Infinity":30,"s:77:20:77:Infinity":31,"s:78:20:78:Infinity":32,"b:79:6:81:Infinity:undefined:undefined:undefined:undefined":6,"s:79:6:81:Infinity":33,"s:80:8:80:Infinity":34,"s:83:4:83:Infinity":35,"s:84:4:87:Infinity":36,"f:84:4:84:17":6,"s:85:6:85:Infinity":37,"s:86:6:86:Infinity":38,"s:90:31:108:Infinity":39,"f:90:31:90:43":7,"s:91:18:91:Infinity":40,"b:92:4:95:Infinity:undefined:undefined:undefined:undefined":7,"s:92:4:95:Infinity":41,"s:93:6:93:Infinity":42,"s:94:6:94:Infinity":43,"s:97:4:107:Infinity":44,"s:98:21:98:Infinity":45,"s:99:6:99:Infinity":46,"s:100:6:100:Infinity":47,"b:100:41:100:67:100:67:100:90":8,"b:102:6:106:Infinity:104:13:106:Infinity":9,"s:102:6:106:Infinity":48,"b:102:10:102:39:102:39:102:71":10,"s:103:8:103:Infinity":49,"s:105:8:105:Infinity":50,"s:110:21:125:Infinity":51,"f:110:21:110:33":8,"s:111:18:111:Infinity":52,"b:112:4:115:Infinity:undefined:undefined:undefined:undefined":11,"s:112:4:115:Infinity":53,"s:113:6:113:Infinity":54,"s:114:6:114:Infinity":55,"s:117:4:124:Infinity":56,"s:118:21:118:Infinity":57,"s:119:6:119:Infinity":58,"s:120:6:120:Infinity":59,"s:122:6:122:Infinity":60,"b:122:63:122:86:122:86:122:91":12,"s:123:6:123:Infinity":61,"s:127:22:144:Infinity":62,"f:127:22:127:34":9,"b:128:4:128:Infinity:undefined:undefined:undefined:undefined":13,"s:128:4:128:Infinity":63,"s:128:22:128:Infinity":64,"s:129:16:129:Infinity":65,"s:130:4:143:Infinity":66,"b:131:6:138:Infinity:undefined:undefined:undefined:undefined":14,"s:131:6:138:Infinity":67,"s:132:8:136:Infinity":68,"b:134:16:134:39:134:39:134:Infinity":15,"s:137:8:137:Infinity":69,"s:139:6:139:Infinity":70,"s:140:6:140:Infinity":71,"s:142:6:142:Infinity":72,"b:146:2:152:Infinity:undefined:undefined:undefined:undefined":16,"s:146:2:152:Infinity":73,"s:147:4:150:Infinity":74,"b:154:2:156:Infinity:undefined:undefined:undefined:undefined":17,"s:154:2:156:Infinity":75,"s:155:4:155:Infinity":76,"s:158:25:158:Infinity":77,"b:158:25:158:39:158:39:158:60:158:60:158:Infinity":18,"s:160:2:261:Infinity":78,"b:165:43:165:68:165:68:165:Infinity":19,"b:168:14:168:Infinity:169:14:169:Infinity":20,"b:171:42:171:51:171:51:171:Infinity":21,"b:183:27:183:48:183:48:183:50":22,"b:185:9:185:Infinity:186:10:188:Infinity":23,"b:193:32:193:50:193:49:193:67":24,"b:197:30:197:49:197:48:197:Infinity":25,"b:200:30:200:42:200:42:200:Infinity":26,"b:203:25:203:41:203:41:203:Infinity":27,"b:215:10:219:11:219:10:221:Infinity":28,"b:223:9:223:Infinity:224:10:226:Infinity":29,"f:228:27:228:32":10,"s:229:10:231:Infinity":79,"b:237:7:237:Infinity:238:8:243:Infinity":30,"b:246:7:246:Infinity:247:8:249:Infinity":31,"b:254:7:254:Infinity:255:8:259:Infinity":32,"b:257:32:257:54:257:54:257:Infinity":33},"fnNames":{}}}
,"C:\\Project\\news-portal\\frontend\\src\\components\\NewsSEO.tsx": {"path":"C:\\Project\\news-portal\\frontend\\src\\components\\NewsSEO.tsx","statementMap":{"0":{"start":{"line":16,"column":6},"end":{"line":56,"column":null}},"1":{"start":{"line":17,"column":19},"end":{"line":17,"column":null}},"2":{"start":{"line":18,"column":20},"end":{"line":18,"column":null}},"3":{"start":{"line":19,"column":22},"end":{"line":19,"column":null}},"4":{"start":{"line":20,"column":16},"end":{"line":20,"column":null}},"5":{"start":{"line":21,"column":24},"end":{"line":21,"column":null}},"6":{"start":{"line":22,"column":2},"end":{"line":54,"column":null}},"7":{"start":{"line":52,"column":8},"end":{"line":52,"column":null}}},"fnMap":{"0":{"name":"(anonymous_0)","decl":{"start":{"line":16,"column":6},"end":{"line":16,"column":41}},"loc":{"start":{"line":16,"column":116},"end":{"line":56,"column":null}},"line":16},"1":{"name":"(anonymous_1)","decl":{"start":{"line":51,"column":13},"end":{"line":51,"column":18}},"loc":{"start":{"line":52,"column":8},"end":{"line":52,"column":null}},"line":52}},"branchMap":{"0":{"loc":{"start":{"line":19,"column":22},"end":{"line":19,"column":null}},"type":"binary-expr","locations":[{"start":{"line":19,"column":22},"end":{"line":19,"column":52}},{"start":{"line":19,"column":52},"end":{"line":19,"column":null}}],"line":19},"1":{"loc":{"start":{"line":20,"column":16},"end":{"line":20,"column":null}},"type":"binary-expr","locations":[{"start":{"line":20,"column":16},"end":{"line":20,"column":28}},{"start":{"line":20,"column":28},"end":{"line":20,"column":null}}],"line":20},"2":{"loc":{"start":{"line":21,"column":24},"end":{"line":21,"column":null}},"type":"cond-expr","locations":[{"start":{"line":21,"column":38},"end":{"line":21,"column":76}},{"start":{"line":21,"column":76},"end":{"line":21,"column":null}}],"line":21},"3":{"loc":{"start":{"line":27,"column":37},"end":{"line":27,"column":81}},"type":"binary-expr","locations":[{"start":{"line":27,"column":37},"end":{"line":27,"column":57}},{"start":{"line":27,"column":57},"end":{"line":27,"column":69}},{"start":{"line":27,"column":69},"end":{"line":27,"column":81}}],"line":27},"4":{"loc":{"start":{"line":28,"column":35},"end":{"line":28,"column":56}},"type":"binary-expr","locations":[{"start":{"line":28,"column":35},"end":{"line":28,"column":45}},{"start":{"line":28,"column":45},"end":{"line":28,"column":56}}],"line":28},"5":{"loc":{"start":{"line":49,"column":7},"end":{"line":49,"column":null}},"type":"binary-expr","locations":[{"start":{"line":49,"column":7},"end":{"line":49,"column":24}},{"start":{"line":49,"column":24},"end":{"line":49,"column":null}}],"line":49},"6":{"loc":{"start":{"line":50,"column":7},"end":{"line":50,"column":null}},"type":"binary-expr","locations":[{"start":{"line":50,"column":7},"end":{"line":50,"column":19}},{"start":{"line":50,"column":19},"end":{"line":50,"column":null}}],"line":50}},"s":{"0":2,"1":2,"2":2,"3":2,"4":2,"5":2,"6":2,"7":1},"f":{"0":2,"1":1},"b":{"0":[2,0],"1":[2,2],"2":[1,1],"3":[2,1,1],"4":[2,1],"5":[2,1],"6":[2,1]},"meta":{"lastBranch":7,"lastFunction":2,"lastStatement":8,"seen":{"s:16:6:56:Infinity":0,"f:16:6:16:41":0,"s:17:19:17:Infinity":1,"s:18:20:18:Infinity":2,"s:19:22:19:Infinity":3,"b:19:22:19:52:19:52:19:Infinity":0,"s:20:16:20:Infinity":4,"b:20:16:20:28:20:28:20:Infinity":1,"s:21:24:21:Infinity":5,"b:21:38:21:76:21:76:21:Infinity":2,"s:22:2:54:Infinity":6,"b:27:37:27:57:27:57:27:69:27:69:27:81":3,"b:28:35:28:45:28:45:28:56":4,"b:49:7:49:24:49:24:49:Infinity":5,"b:50:7:50:19:50:19:50:Infinity":6,"f:51:13:51:18":1,"s:52:8:52:Infinity":7},"fnNames":{}}}
,"C:\\Project\\news-portal\\frontend\\src\\constants\\styles.ts": {"path":"C:\\Project\\news-portal\\frontend\\src\\constants\\styles.ts","statementMap":{"0":{"start":{"line":1,"column":25},"end":{"line":1,"column":null}}},"fnMap":{},"branchMap":{},"s":{"0":1},"f":{},"b":{},"meta":{"lastBranch":0,"lastFunction":0,"lastStatement":1,"seen":{"s:1:25:1:Infinity":0},"fnNames":{}}}
,"C:\\Project\\news-portal\\frontend\\src\\services\\api.ts": {"path":"C:\\Project\\news-portal\\frontend\\src\\services\\api.ts","statementMap":{"0":{"start":{"line":12,"column":63},"end":{"line":12,"column":null}},"1":{"start":{"line":15,"column":4},"end":{"line":21,"column":null}},"2":{"start":{"line":23,"column":4},"end":{"line":23,"column":null}},"3":{"start":{"line":27,"column":4},"end":{"line":39,"column":null}},"4":{"start":{"line":29,"column":22},"end":{"line":29,"column":null}},"5":{"start":{"line":30,"column":22},"end":{"line":30,"column":null}},"6":{"start":{"line":32,"column":8},"end":{"line":34,"column":null}},"7":{"start":{"line":33,"column":10},"end":{"line":33,"column":null}},"8":{"start":{"line":36,"column":8},"end":{"line":36,"column":null}},"9":{"start":{"line":38,"column":17},"end":{"line":38,"column":null}},"10":{"start":{"line":41,"column":4},"end":{"line":81,"column":null}},"11":{"start":{"line":42,"column":20},"end":{"line":42,"column":null}},"12":{"start":{"line":44,"column":32},"end":{"line":44,"column":null}},"13":{"start":{"line":46,"column":8},"end":{"line":52,"column":null}},"14":{"start":{"line":51,"column":10},"end":{"line":51,"column":null}},"15":{"start":{"line":54,"column":8},"end":{"line":77,"column":null}},"16":{"start":{"line":55,"column":10},"end":{"line":55,"column":null}},"17":{"start":{"line":57,"column":10},"end":{"line":66,"column":null}},"18":{"start":{"line":58,"column":26},"end":{"line":58,"column":null}},"19":{"start":{"line":59,"column":33},"end":{"line":59,"column":null}},"20":{"start":{"line":61,"column":12},"end":{"line":65,"column":null}},"21":{"start":{"line":62,"column":14},"end":{"line":64,"column":null}},"22":{"start":{"line":63,"column":16},"end":{"line":63,"column":null}},"23":{"start":{"line":68,"column":10},"end":{"line":76,"column":null}},"24":{"start":{"line":69,"column":29},"end":{"line":69,"column":null}},"25":{"start":{"line":70,"column":12},"end":{"line":70,"column":null}},"26":{"start":{"line":71,"column":12},"end":{"line":71,"column":null}},"27":{"start":{"line":73,"column":12},"end":{"line":73,"column":null}},"28":{"start":{"line":74,"column":12},"end":{"line":74,"column":null}},"29":{"start":{"line":75,"column":12},"end":{"line":75,"column":null}},"30":{"start":{"line":79,"column":8},"end":{"line":79,"column":null}},"31":{"start":{"line":85,"column":21},"end":{"line":85,"column":null}},"32":{"start":{"line":87,"column":4},"end":{"line":92,"column":null}},"33":{"start":{"line":94,"column":4},"end":{"line":94,"column":null}},"34":{"start":{"line":98,"column":4},"end":{"line":98,"column":null}},"35":{"start":{"line":102,"column":4},"end":{"line":102,"column":null}},"36":{"start":{"line":106,"column":4},"end":{"line":106,"column":null}},"37":{"start":{"line":110,"column":4},"end":{"line":110,"column":null}},"38":{"start":{"line":114,"column":4},"end":{"line":114,"column":null}},"39":{"start":{"line":117,"column":4},"end":{"line":119,"column":null}},"40":{"start":{"line":123,"column":26},"end":{"line":123,"column":null}}},"fnMap":{"0":{"name":"constructor","decl":{"start":{"line":14,"column":2},"end":{"line":14,"column":16}},"loc":{"start":{"line":14,"column":16},"end":{"line":24,"column":null}},"line":14},"1":{"name":"setupInterceptors","decl":{"start":{"line":26,"column":2},"end":{"line":26,"column":10}},"loc":{"start":{"line":26,"column":30},"end":{"line":82,"column":null}},"line":26},"2":{"name":"(anonymous_2)","decl":{"start":{"line":27,"column":34},"end":{"line":27,"column":null}},"loc":{"start":{"line":28,"column":18},"end":{"line":37,"column":null}},"line":28},"3":{"name":"(anonymous_3)","decl":{"start":{"line":37,"column":6},"end":{"line":37,"column":null}},"loc":{"start":{"line":38,"column":17},"end":{"line":38,"column":null}},"line":38},"4":{"name":"(anonymous_4)","decl":{"start":{"line":41,"column":35},"end":{"line":41,"column":null}},"loc":{"start":{"line":42,"column":20},"end":{"line":42,"column":null}},"line":42},"5":{"name":"(anonymous_5)","decl":{"start":{"line":43,"column":6},"end":{"line":43,"column":13}},"loc":{"start":{"line":43,"column":23},"end":{"line":80,"column":null}},"line":43},"6":{"name":"(anonymous_6)","decl":{"start":{"line":62,"column":79},"end":{"line":62,"column":93}},"loc":{"start":{"line":62,"column":93},"end":{"line":64,"column":15}},"line":62},"7":{"name":"refreshAccessToken","decl":{"start":{"line":84,"column":16},"end":{"line":84,"column":35}},"loc":{"start":{"line":84,"column":81},"end":{"line":95,"column":null}},"line":84},"8":{"name":"get","decl":{"start":{"line":97,"column":8},"end":{"line":97,"column":15}},"loc":{"start":{"line":97,"column":84},"end":{"line":99,"column":null}},"line":97},"9":{"name":"post","decl":{"start":{"line":101,"column":8},"end":{"line":101,"column":16}},"loc":{"start":{"line":101,"column":101},"end":{"line":103,"column":null}},"line":101},"10":{"name":"put","decl":{"start":{"line":105,"column":8},"end":{"line":105,"column":15}},"loc":{"start":{"line":105,"column":100},"end":{"line":107,"column":null}},"line":105},"11":{"name":"patch","decl":{"start":{"line":109,"column":8},"end":{"line":109,"column":17}},"loc":{"start":{"line":109,"column":102},"end":{"line":111,"column":null}},"line":109},"12":{"name":"delete","decl":{"start":{"line":113,"column":8},"end":{"line":113,"column":18}},"loc":{"start":{"line":113,"column":87},"end":{"line":115,"column":null}},"line":113},"13":{"name":"postAi","decl":{"start":{"line":116,"column":8},"end":{"line":116,"column":18}},"loc":{"start":{"line":116,"column":74},"end":{"line":120,"column":null}},"line":116}},"branchMap":{"0":{"loc":{"start":{"line":32,"column":8},"end":{"line":34,"column":null}},"type":"if","locations":[{"start":{"line":32,"column":8},"end":{"line":34,"column":null}},{"start":{},"end":{}}],"line":32},"1":{"loc":{"start":{"line":46,"column":8},"end":{"line":52,"column":null}},"type":"if","locations":[{"start":{"line":46,"column":8},"end":{"line":52,"column":null}},{"start":{},"end":{}}],"line":46},"2":{"loc":{"start":{"line":47,"column":10},"end":{"line":49,"column":null}},"type":"binary-expr","locations":[{"start":{"line":47,"column":10},"end":{"line":47,"column":null}},{"start":{"line":48,"column":10},"end":{"line":48,"column":null}},{"start":{"line":49,"column":10},"end":{"line":49,"column":null}}],"line":47},"3":{"loc":{"start":{"line":54,"column":8},"end":{"line":77,"column":null}},"type":"if","locations":[{"start":{"line":54,"column":8},"end":{"line":77,"column":null}},{"start":{},"end":{}}],"line":54},"4":{"loc":{"start":{"line":54,"column":12},"end":{"line":54,"column":71}},"type":"binary-expr","locations":[{"start":{"line":54,"column":12},"end":{"line":54,"column":46}},{"start":{"line":54,"column":46},"end":{"line":54,"column":71}}],"line":54},"5":{"loc":{"start":{"line":57,"column":10},"end":{"line":66,"column":null}},"type":"if","locations":[{"start":{"line":57,"column":10},"end":{"line":66,"column":null}},{"start":{},"end":{}}],"line":57},"6":{"loc":{"start":{"line":61,"column":12},"end":{"line":65,"column":null}},"type":"if","locations":[{"start":{"line":61,"column":12},"end":{"line":65,"column":null}},{"start":{},"end":{}}],"line":61}},"s":{"0":5,"1":5,"2":5,"3":5,"4":28,"5":28,"6":28,"7":7,"8":28,"9":0,"10":5,"11":23,"12":5,"13":5,"14":2,"15":3,"16":1,"17":1,"18":1,"19":1,"20":1,"21":1,"22":1,"23":1,"24":1,"25":1,"26":1,"27":0,"28":0,"29":0,"30":2,"31":1,"32":1,"33":1,"34":13,"35":10,"36":4,"37":0,"38":0,"39":0,"40":5},"f":{"0":5,"1":5,"2":28,"3":0,"4":23,"5":5,"6":1,"7":1,"8":13,"9":10,"10":4,"11":0,"12":0,"13":0},"b":{"0":[7,21],"1":[2,3],"2":[5,3,3],"3":[1,2],"4":[3,2],"5":[1,0],"6":[1,0]},"meta":{"lastBranch":7,"lastFunction":14,"lastStatement":41,"seen":{"s:12:63:12:Infinity":0,"f:14:2:14:16":0,"s:15:4:21:Infinity":1,"s:23:4:23:Infinity":2,"f:26:2:26:10":1,"s:27:4:39:Infinity":3,"f:27:34:27:Infinity":2,"s:29:22:29:Infinity":4,"s:30:22:30:Infinity":5,"b:32:8:34:Infinity:undefined:undefined:undefined:undefined":0,"s:32:8:34:Infinity":6,"s:33:10:33:Infinity":7,"s:36:8:36:Infinity":8,"f:37:6:37:Infinity":3,"s:38:17:38:Infinity":9,"s:41:4:81:Infinity":10,"f:41:35:41:Infinity":4,"s:42:20:42:Infinity":11,"f:43:6:43:13":5,"s:44:32:44:Infinity":12,"b:46:8:52:Infinity:undefined:undefined:undefined:undefined":1,"s:46:8:52:Infinity":13,"b:47:10:47:Infinity:48:10:48:Infinity:49:10:49:Infinity":2,"s:51:10:51:Infinity":14,"b:54:8:77:Infinity:undefined:undefined:undefined:undefined":3,"s:54:8:77:Infinity":15,"b:54:12:54:46:54:46:54:71":4,"s:55:10:55:Infinity":16,"b:57:10:66:Infinity:undefined:undefined:undefined:undefined":5,"s:57:10:66:Infinity":17,"s:58:26:58:Infinity":18,"s:59:33:59:Infinity":19,"b:61:12:65:Infinity:undefined:undefined:undefined:undefined":6,"s:61:12:65:Infinity":20,"s:62:14:64:Infinity":21,"f:62:79:62:93":6,"s:63:16:63:Infinity":22,"s:68:10:76:Infinity":23,"s:69:29:69:Infinity":24,"s:70:12:70:Infinity":25,"s:71:12:71:Infinity":26,"s:73:12:73:Infinity":27,"s:74:12:74:Infinity":28,"s:75:12:75:Infinity":29,"s:79:8:79:Infinity":30,"f:84:16:84:35":7,"s:85:21:85:Infinity":31,"s:87:4:92:Infinity":32,"s:94:4:94:Infinity":33,"f:97:8:97:15":8,"s:98:4:98:Infinity":34,"f:101:8:101:16":9,"s:102:4:102:Infinity":35,"f:105:8:105:15":10,"s:106:4:106:Infinity":36,"f:109:8:109:17":11,"s:110:4:110:Infinity":37,"f:113:8:113:18":12,"s:114:4:114:Infinity":38,"f:116:8:116:18":13,"s:117:4:119:Infinity":39,"s:123:26:123:Infinity":40},"fnNames":{}}}
,"C:\\Project\\news-portal\\frontend\\src\\services\\authService.ts": {"path":"C:\\Project\\news-portal\\frontend\\src\\services\\authService.ts","statementMap":{"0":{"start":{"line":4,"column":27},"end":{"line":44,"column":null}},"1":{"start":{"line":6,"column":21},"end":{"line":6,"column":null}},"2":{"start":{"line":7,"column":4},"end":{"line":7,"column":null}},"3":{"start":{"line":11,"column":21},"end":{"line":11,"column":null}},"4":{"start":{"line":12,"column":4},"end":{"line":12,"column":null}},"5":{"start":{"line":16,"column":4},"end":{"line":16,"column":null}},"6":{"start":{"line":20,"column":21},"end":{"line":20,"column":null}},"7":{"start":{"line":21,"column":4},"end":{"line":21,"column":null}},"8":{"start":{"line":25,"column":21},"end":{"line":25,"column":null}},"9":{"start":{"line":26,"column":4},"end":{"line":26,"column":null}},"10":{"start":{"line":30,"column":21},"end":{"line":30,"column":null}},"11":{"start":{"line":31,"column":4},"end":{"line":31,"column":null}},"12":{"start":{"line":35,"column":21},"end":{"line":37,"column":null}},"13":{"start":{"line":38,"column":4},"end":{"line":38,"column":null}},"14":{"start":{"line":42,"column":4},"end":{"line":42,"column":null}}},"fnMap":{"0":{"name":"login","decl":{"start":{"line":5,"column":8},"end":{"line":5,"column":14}},"loc":{"start":{"line":5,"column":68},"end":{"line":8,"column":null}},"line":5},"1":{"name":"register","decl":{"start":{"line":10,"column":8},"end":{"line":10,"column":17}},"loc":{"start":{"line":10,"column":60},"end":{"line":13,"column":null}},"line":10},"2":{"name":"logout","decl":{"start":{"line":15,"column":8},"end":{"line":15,"column":32}},"loc":{"start":{"line":15,"column":32},"end":{"line":17,"column":null}},"line":15},"3":{"name":"getCurrentUser","decl":{"start":{"line":19,"column":8},"end":{"line":19,"column":40}},"loc":{"start":{"line":19,"column":40},"end":{"line":22,"column":null}},"line":19},"4":{"name":"updateProfile","decl":{"start":{"line":24,"column":8},"end":{"line":24,"column":22}},"loc":{"start":{"line":24,"column":58},"end":{"line":27,"column":null}},"line":24},"5":{"name":"updatePreferences","decl":{"start":{"line":29,"column":8},"end":{"line":29,"column":26}},"loc":{"start":{"line":29,"column":80},"end":{"line":32,"column":null}},"line":29},"6":{"name":"refreshToken","decl":{"start":{"line":34,"column":8},"end":{"line":34,"column":21}},"loc":{"start":{"line":34,"column":66},"end":{"line":39,"column":null}},"line":34},"7":{"name":"changePassword","decl":{"start":{"line":41,"column":8},"end":{"line":41,"column":23}},"loc":{"start":{"line":41,"column":84},"end":{"line":43,"column":null}},"line":41}},"branchMap":{},"s":{"0":5,"1":4,"2":2,"3":2,"4":2,"5":1,"6":5,"7":4,"8":2,"9":2,"10":2,"11":2,"12":1,"13":1,"14":1},"f":{"0":4,"1":2,"2":1,"3":5,"4":2,"5":2,"6":1,"7":1},"b":{},"meta":{"lastBranch":0,"lastFunction":8,"lastStatement":15,"seen":{"s:4:27:44:Infinity":0,"f:5:8:5:14":0,"s:6:21:6:Infinity":1,"s:7:4:7:Infinity":2,"f:10:8:10:17":1,"s:11:21:11:Infinity":3,"s:12:4:12:Infinity":4,"f:15:8:15:32":2,"s:16:4:16:Infinity":5,"f:19:8:19:40":3,"s:20:21:20:Infinity":6,"s:21:4:21:Infinity":7,"f:24:8:24:22":4,"s:25:21:25:Infinity":8,"s:26:4:26:Infinity":9,"f:29:8:29:26":5,"s:30:21:30:Infinity":10,"s:31:4:31:Infinity":11,"f:34:8:34:21":6,"s:35:21:37:Infinity":12,"s:38:4:38:Infinity":13,"f:41:8:41:23":7,"s:42:4:42:Infinity":14},"fnNames":{}}}
,"C:\\Project\\news-portal\\frontend\\src\\services\\newsService.ts": {"path":"C:\\Project\\news-portal\\frontend\\src\\services\\newsService.ts","statementMap":{"0":{"start":{"line":4,"column":27},"end":{"line":88,"column":null}},"1":{"start":{"line":6,"column":21},"end":{"line":8,"column":null}},"2":{"start":{"line":9,"column":4},"end":{"line":9,"column":null}},"3":{"start":{"line":13,"column":21},"end":{"line":17,"column":null}},"4":{"start":{"line":18,"column":4},"end":{"line":18,"column":null}},"5":{"start":{"line":22,"column":21},"end":{"line":22,"column":null}},"6":{"start":{"line":23,"column":4},"end":{"line":23,"column":null}},"7":{"start":{"line":27,"column":21},"end":{"line":27,"column":null}},"8":{"start":{"line":28,"column":4},"end":{"line":28,"column":null}},"9":{"start":{"line":32,"column":21},"end":{"line":32,"column":null}},"10":{"start":{"line":33,"column":4},"end":{"line":33,"column":null}},"11":{"start":{"line":37,"column":4},"end":{"line":37,"column":null}},"12":{"start":{"line":41,"column":21},"end":{"line":43,"column":null}},"13":{"start":{"line":44,"column":4},"end":{"line":44,"column":null}},"14":{"start":{"line":48,"column":21},"end":{"line":48,"column":null}},"15":{"start":{"line":49,"column":4},"end":{"line":49,"column":null}},"16":{"start":{"line":53,"column":21},"end":{"line":55,"column":null}},"17":{"start":{"line":56,"column":4},"end":{"line":56,"column":null}},"18":{"start":{"line":60,"column":21},"end":{"line":60,"column":null}},"19":{"start":{"line":61,"column":4},"end":{"line":61,"column":null}},"20":{"start":{"line":65,"column":21},"end":{"line":65,"column":null}},"21":{"start":{"line":66,"column":4},"end":{"line":66,"column":null}},"22":{"start":{"line":70,"column":21},"end":{"line":70,"column":null}},"23":{"start":{"line":71,"column":4},"end":{"line":71,"column":null}},"24":{"start":{"line":75,"column":21},"end":{"line":75,"column":null}},"25":{"start":{"line":76,"column":4},"end":{"line":76,"column":null}},"26":{"start":{"line":80,"column":21},"end":{"line":80,"column":null}},"27":{"start":{"line":81,"column":4},"end":{"line":81,"column":null}},"28":{"start":{"line":85,"column":21},"end":{"line":85,"column":null}},"29":{"start":{"line":86,"column":4},"end":{"line":86,"column":null}}},"fnMap":{"0":{"name":"getNews","decl":{"start":{"line":5,"column":8},"end":{"line":5,"column":16}},"loc":{"start":{"line":5,"column":61},"end":{"line":10,"column":null}},"line":5},"1":{"name":"smartSearch","decl":{"start":{"line":12,"column":8},"end":{"line":12,"column":20}},"loc":{"start":{"line":12,"column":87},"end":{"line":19,"column":null}},"line":12},"2":{"name":"getNewsById","decl":{"start":{"line":21,"column":8},"end":{"line":21,"column":20}},"loc":{"start":{"line":21,"column":47},"end":{"line":24,"column":null}},"line":21},"3":{"name":"createNews","decl":{"start":{"line":26,"column":8},"end":{"line":26,"column":19}},"loc":{"start":{"line":26,"column":55},"end":{"line":29,"column":null}},"line":26},"4":{"name":"updateNews","decl":{"start":{"line":31,"column":8},"end":{"line":31,"column":19}},"loc":{"start":{"line":31,"column":67},"end":{"line":34,"column":null}},"line":31},"5":{"name":"deleteNews","decl":{"start":{"line":36,"column":8},"end":{"line":36,"column":19}},"loc":{"start":{"line":36,"column":46},"end":{"line":38,"column":null}},"line":36},"6":{"name":"moderateNews","decl":{"start":{"line":40,"column":8},"end":{"line":40,"column":21}},"loc":{"start":{"line":40,"column":64},"end":{"line":45,"column":null}},"line":40},"7":{"name":"likeNews","decl":{"start":{"line":47,"column":8},"end":{"line":47,"column":17}},"loc":{"start":{"line":47,"column":44},"end":{"line":50,"column":null}},"line":47},"8":{"name":"getPersonalizedNews","decl":{"start":{"line":52,"column":8},"end":{"line":52,"column":28}},"loc":{"start":{"line":52,"column":74},"end":{"line":57,"column":null}},"line":52},"9":{"name":"getStats","decl":{"start":{"line":59,"column":8},"end":{"line":59,"column":39}},"loc":{"start":{"line":59,"column":39},"end":{"line":62,"column":null}},"line":59},"10":{"name":"toggleFavorite","decl":{"start":{"line":64,"column":8},"end":{"line":64,"column":23}},"loc":{"start":{"line":64,"column":68},"end":{"line":67,"column":null}},"line":64},"11":{"name":"isFavorited","decl":{"start":{"line":69,"column":8},"end":{"line":69,"column":20}},"loc":{"start":{"line":69,"column":50},"end":{"line":72,"column":null}},"line":69},"12":{"name":"getFavorites","decl":{"start":{"line":74,"column":8},"end":{"line":74,"column":21}},"loc":{"start":{"line":74,"column":66},"end":{"line":77,"column":null}},"line":74},"13":{"name":"toggleLike","decl":{"start":{"line":79,"column":8},"end":{"line":79,"column":19}},"loc":{"start":{"line":79,"column":75},"end":{"line":82,"column":null}},"line":79},"14":{"name":"isLiked","decl":{"start":{"line":84,"column":8},"end":{"line":84,"column":16}},"loc":{"start":{"line":84,"column":46},"end":{"line":87,"column":null}},"line":84}},"branchMap":{"0":{"loc":{"start":{"line":12,"column":35},"end":{"line":12,"column":45}},"type":"default-arg","locations":[{"start":{"line":12,"column":42},"end":{"line":12,"column":45}}],"line":12},"1":{"loc":{"start":{"line":12,"column":45},"end":{"line":12,"column":87}},"type":"default-arg","locations":[{"start":{"line":12,"column":53},"end":{"line":12,"column":87}}],"line":12},"2":{"loc":{"start":{"line":74,"column":21},"end":{"line":74,"column":31}},"type":"default-arg","locations":[{"start":{"line":74,"column":28},"end":{"line":74,"column":31}}],"line":74},"3":{"loc":{"start":{"line":74,"column":31},"end":{"line":74,"column":66}},"type":"default-arg","locations":[{"start":{"line":74,"column":39},"end":{"line":74,"column":66}}],"line":74}},"s":{"0":5,"1":4,"2":3,"3":1,"4":1,"5":2,"6":2,"7":0,"8":0,"9":0,"10":0,"11":0,"12":0,"13":0,"14":0,"15":0,"16":0,"17":0,"18":2,"19":2,"20":0,"21":0,"22":0,"23":0,"24":0,"25":0,"26":0,"27":0,"28":0,"29":0},"f":{"0":4,"1":1,"2":2,"3":0,"4":0,"5":0,"6":0,"7":0,"8":0,"9":2,"10":0,"11":0,"12":0,"13":0,"14":0},"b":{"0":[1],"1":[1],"2":[0],"3":[0]},"meta":{"lastBranch":4,"lastFunction":15,"lastStatement":30,"seen":{"s:4:27:88:Infinity":0,"f:5:8:5:16":0,"s:6:21:8:Infinity":1,"s:9:4:9:Infinity":2,"f:12:8:12:20":1,"b:12:42:12:45":0,"b:12:53:12:87":1,"s:13:21:17:Infinity":3,"s:18:4:18:Infinity":4,"f:21:8:21:20":2,"s:22:21:22:Infinity":5,"s:23:4:23:Infinity":6,"f:26:8:26:19":3,"s:27:21:27:Infinity":7,"s:28:4:28:Infinity":8,"f:31:8:31:19":4,"s:32:21:32:Infinity":9,"s:33:4:33:Infinity":10,"f:36:8:36:19":5,"s:37:4:37:Infinity":11,"f:40:8:40:21":6,"s:41:21:43:Infinity":12,"s:44:4:44:Infinity":13,"f:47:8:47:17":7,"s:48:21:48:Infinity":14,"s:49:4:49:Infinity":15,"f:52:8:52:28":8,"s:53:21:55:Infinity":16,"s:56:4:56:Infinity":17,"f:59:8:59:39":9,"s:60:21:60:Infinity":18,"s:61:4:61:Infinity":19,"f:64:8:64:23":10,"s:65:21:65:Infinity":20,"s:66:4:66:Infinity":21,"f:69:8:69:20":11,"s:70:21:70:Infinity":22,"s:71:4:71:Infinity":23,"f:74:8:74:21":12,"b:74:28:74:31":2,"b:74:39:74:66":3,"s:75:21:75:Infinity":24,"s:76:4:76:Infinity":25,"f:79:8:79:19":13,"s:80:21:80:Infinity":26,"s:81:4:81:Infinity":27,"f:84:8:84:16":14,"s:85:21:85:Infinity":28,"s:86:4:86:Infinity":29},"fnNames":{}}}
,"C:\\Project\\news-portal\\frontend\\src\\store\\index.ts": {"path":"C:\\Project\\news-portal\\frontend\\src\\store\\index.ts","statementMap":{"0":{"start":{"line":7,"column":21},"end":{"line":21,"column":null}},"1":{"start":{"line":14,"column":4},"end":{"line":19,"column":null}},"2":{"start":{"line":26,"column":13},"end":{"line":26,"column":61}},"3":{"start":{"line":26,"column":36},"end":{"line":26,"column":61}},"4":{"start":{"line":27,"column":63},"end":{"line":27,"column":null}}},"fnMap":{"0":{"name":"(anonymous_0)","decl":{"start":{"line":13,"column":2},"end":{"line":13,"column":15}},"loc":{"start":{"line":14,"column":4},"end":{"line":19,"column":null}},"line":14},"1":{"name":"(anonymous_1)","decl":{"start":{"line":26,"column":13},"end":{"line":26,"column":36}},"loc":{"start":{"line":26,"column":36},"end":{"line":26,"column":61}},"line":26}},"branchMap":{},"s":{"0":5,"1":5,"2":5,"3":0,"4":5},"f":{"0":5,"1":0},"b":{},"meta":{"lastBranch":0,"lastFunction":2,"lastStatement":5,"seen":{"s:7:21:21:Infinity":0,"f:13:2:13:15":0,"s:14:4:19:Infinity":1,"s:26:13:26:61":2,"f:26:13:26:36":1,"s:26:36:26:61":3,"s:27:63:27:Infinity":4},"fnNames":{}}}
,"C:\\Project\\news-portal\\frontend\\src\\store\\auth\\authSlice.ts": {"path":"C:\\Project\\news-portal\\frontend\\src\\store\\auth\\authSlice.ts","statementMap":{"0":{"start":{"line":11,"column":32},"end":{"line":18,"column":null}},"1":{"start":{"line":20,"column":6},"end":{"line":25,"column":null}},"2":{"start":{"line":21,"column":2},"end":{"line":23,"column":null}},"3":{"start":{"line":22,"column":4},"end":{"line":22,"column":null}},"4":{"start":{"line":24,"column":2},"end":{"line":24,"column":null}},"5":{"start":{"line":27,"column":21},"end":{"line":39,"column":null}},"6":{"start":{"line":28,"column":2},"end":{"line":38,"column":null}},"7":{"start":{"line":29,"column":21},"end":{"line":29,"column":null}},"8":{"start":{"line":30,"column":4},"end":{"line":30,"column":null}},"9":{"start":{"line":31,"column":4},"end":{"line":31,"column":null}},"10":{"start":{"line":32,"column":4},"end":{"line":34,"column":null}},"11":{"start":{"line":33,"column":6},"end":{"line":33,"column":null}},"12":{"start":{"line":35,"column":4},"end":{"line":35,"column":null}},"13":{"start":{"line":37,"column":4},"end":{"line":37,"column":null}},"14":{"start":{"line":41,"column":24},"end":{"line":50,"column":null}},"15":{"start":{"line":42,"column":2},"end":{"line":49,"column":null}},"16":{"start":{"line":43,"column":21},"end":{"line":43,"column":null}},"17":{"start":{"line":44,"column":4},"end":{"line":44,"column":null}},"18":{"start":{"line":45,"column":4},"end":{"line":45,"column":null}},"19":{"start":{"line":46,"column":4},"end":{"line":46,"column":null}},"20":{"start":{"line":48,"column":4},"end":{"line":48,"column":null}},"21":{"start":{"line":52,"column":32},"end":{"line":58,"column":null}},"22":{"start":{"line":53,"column":2},"end":{"line":57,"column":null}},"23":{"start":{"line":54,"column":4},"end":{"line":54,"column":null}},"24":{"start":{"line":56,"column":4},"end":{"line":56,"column":null}},"25":{"start":{"line":60,"column":29},"end":{"line":69,"column":null}},"26":{"start":{"line":63,"column":4},"end":{"line":67,"column":null}},"27":{"start":{"line":64,"column":6},"end":{"line":64,"column":null}},"28":{"start":{"line":66,"column":6},"end":{"line":66,"column":null}},"29":{"start":{"line":71,"column":33},"end":{"line":77,"column":null}},"30":{"start":{"line":72,"column":2},"end":{"line":76,"column":null}},"31":{"start":{"line":73,"column":4},"end":{"line":73,"column":null}},"32":{"start":{"line":75,"column":4},"end":{"line":75,"column":null}},"33":{"start":{"line":79,"column":18},"end":{"line":183,"column":null}},"34":{"start":{"line":84,"column":6},"end":{"line":84,"column":null}},"35":{"start":{"line":85,"column":6},"end":{"line":85,"column":null}},"36":{"start":{"line":86,"column":6},"end":{"line":86,"column":null}},"37":{"start":{"line":87,"column":6},"end":{"line":87,"column":null}},"38":{"start":{"line":90,"column":6},"end":{"line":90,"column":null}},"39":{"start":{"line":91,"column":6},"end":{"line":91,"column":null}},"40":{"start":{"line":92,"column":6},"end":{"line":92,"column":null}},"41":{"start":{"line":93,"column":6},"end":{"line":93,"column":null}},"42":{"start":{"line":94,"column":6},"end":{"line":94,"column":null}},"43":{"start":{"line":95,"column":6},"end":{"line":95,"column":null}},"44":{"start":{"line":96,"column":6},"end":{"line":96,"column":null}},"45":{"start":{"line":97,"column":6},"end":{"line":97,"column":null}},"46":{"start":{"line":100,"column":6},"end":{"line":100,"column":null}},"47":{"start":{"line":103,"column":6},"end":{"line":103,"column":null}},"48":{"start":{"line":104,"column":6},"end":{"line":104,"column":null}},"49":{"start":{"line":108,"column":4},"end":{"line":123,"column":null}},"50":{"start":{"line":110,"column":8},"end":{"line":110,"column":null}},"51":{"start":{"line":111,"column":8},"end":{"line":111,"column":null}},"52":{"start":{"line":114,"column":8},"end":{"line":114,"column":null}},"53":{"start":{"line":115,"column":8},"end":{"line":115,"column":null}},"54":{"start":{"line":116,"column":8},"end":{"line":116,"column":null}},"55":{"start":{"line":117,"column":8},"end":{"line":117,"column":null}},"56":{"start":{"line":118,"column":8},"end":{"line":118,"column":null}},"57":{"start":{"line":121,"column":8},"end":{"line":121,"column":null}},"58":{"start":{"line":122,"column":8},"end":{"line":122,"column":null}},"59":{"start":{"line":125,"column":4},"end":{"line":140,"column":null}},"60":{"start":{"line":127,"column":8},"end":{"line":127,"column":null}},"61":{"start":{"line":128,"column":8},"end":{"line":128,"column":null}},"62":{"start":{"line":131,"column":8},"end":{"line":131,"column":null}},"63":{"start":{"line":132,"column":8},"end":{"line":132,"column":null}},"64":{"start":{"line":133,"column":8},"end":{"line":133,"column":null}},"65":{"start":{"line":134,"column":8},"end":{"line":134,"column":null}},"66":{"start":{"line":135,"column":8},"end":{"line":135,"column":null}},"67":{"start":{"line":138,"column":8},"end":{"line":138,"column":null}},"68":{"start":{"line":139,"column":8},"end":{"line":139,"column":null}},"69":{"start":{"line":142,"column":4},"end":{"line":155,"column":null}},"70":{"start":{"line":144,"column":8},"end":{"line":144,"column":null}},"71":{"start":{"line":147,"column":8},"end":{"line":147,"column":null}},"72":{"start":{"line":148,"column":8},"end":{"line":148,"column":null}},"73":{"start":{"line":149,"column":8},"end":{"line":149,"column":null}},"74":{"start":{"line":152,"column":8},"end":{"line":152,"column":null}},"75":{"start":{"line":153,"column":8},"end":{"line":153,"column":null}},"76":{"start":{"line":154,"column":8},"end":{"line":154,"column":null}},"77":{"start":{"line":157,"column":4},"end":{"line":168,"column":null}},"78":{"start":{"line":159,"column":8},"end":{"line":159,"column":null}},"79":{"start":{"line":162,"column":8},"end":{"line":162,"column":null}},"80":{"start":{"line":163,"column":8},"end":{"line":163,"column":null}},"81":{"start":{"line":166,"column":8},"end":{"line":166,"column":null}},"82":{"start":{"line":167,"column":8},"end":{"line":167,"column":null}},"83":{"start":{"line":170,"column":4},"end":{"line":181,"column":null}},"84":{"start":{"line":172,"column":8},"end":{"line":172,"column":null}},"85":{"start":{"line":175,"column":8},"end":{"line":175,"column":null}},"86":{"start":{"line":176,"column":8},"end":{"line":176,"column":null}},"87":{"start":{"line":179,"column":8},"end":{"line":179,"column":null}},"88":{"start":{"line":180,"column":8},"end":{"line":180,"column":null}},"89":{"start":{"line":185,"column":62},"end":{"line":185,"column":null}},"90":{"start":{"line":187,"column":13},"end":{"line":187,"column":null}},"91":{"start":{"line":187,"column":48},"end":{"line":187,"column":null}},"92":{"start":{"line":188,"column":13},"end":{"line":188,"column":null}},"93":{"start":{"line":188,"column":48},"end":{"line":188,"column":null}},"94":{"start":{"line":189,"column":13},"end":{"line":189,"column":null}},"95":{"start":{"line":189,"column":59},"end":{"line":189,"column":null}},"96":{"start":{"line":190,"column":13},"end":{"line":190,"column":null}},"97":{"start":{"line":190,"column":55},"end":{"line":190,"column":null}},"98":{"start":{"line":191,"column":13},"end":{"line":191,"column":null}},"99":{"start":{"line":191,"column":53},"end":{"line":191,"column":null}},"100":{"start":{"line":192,"column":13},"end":{"line":192,"column":null}},"101":{"start":{"line":192,"column":59},"end":{"line":192,"column":null}},"102":{"start":{"line":193,"column":13},"end":{"line":193,"column":null}},"103":{"start":{"line":193,"column":52},"end":{"line":193,"column":null}}},"fnMap":{"0":{"name":"(anonymous_0)","decl":{"start":{"line":20,"column":6},"end":{"line":20,"column":24}},"loc":{"start":{"line":20,"column":51},"end":{"line":25,"column":null}},"line":20},"1":{"name":"(anonymous_1)","decl":{"start":{"line":27,"column":52},"end":{"line":27,"column":59}},"loc":{"start":{"line":27,"column":114},"end":{"line":39,"column":1}},"line":27},"2":{"name":"(anonymous_2)","decl":{"start":{"line":41,"column":58},"end":{"line":41,"column":65}},"loc":{"start":{"line":41,"column":109},"end":{"line":50,"column":1}},"line":41},"3":{"name":"(anonymous_3)","decl":{"start":{"line":52,"column":74},"end":{"line":52,"column":81}},"loc":{"start":{"line":52,"column":108},"end":{"line":58,"column":1}},"line":52},"4":{"name":"(anonymous_4)","decl":{"start":{"line":62,"column":2},"end":{"line":62,"column":9}},"loc":{"start":{"line":62,"column":97},"end":{"line":68,"column":null}},"line":62},"5":{"name":"(anonymous_5)","decl":{"start":{"line":71,"column":76},"end":{"line":71,"column":83}},"loc":{"start":{"line":71,"column":146},"end":{"line":77,"column":1}},"line":71},"6":{"name":"(anonymous_6)","decl":{"start":{"line":83,"column":4},"end":{"line":83,"column":16}},"loc":{"start":{"line":83,"column":96},"end":{"line":88,"column":null}},"line":83},"7":{"name":"(anonymous_7)","decl":{"start":{"line":89,"column":4},"end":{"line":89,"column":13}},"loc":{"start":{"line":89,"column":23},"end":{"line":98,"column":null}},"line":89},"8":{"name":"(anonymous_8)","decl":{"start":{"line":99,"column":4},"end":{"line":99,"column":21}},"loc":{"start":{"line":99,"column":31},"end":{"line":101,"column":null}},"line":99},"9":{"name":"(anonymous_9)","decl":{"start":{"line":102,"column":4},"end":{"line":102,"column":14}},"loc":{"start":{"line":102,"column":53},"end":{"line":105,"column":null}},"line":102},"10":{"name":"(anonymous_10)","decl":{"start":{"line":107,"column":2},"end":{"line":107,"column":18}},"loc":{"start":{"line":107,"column":30},"end":{"line":182,"column":null}},"line":107},"11":{"name":"(anonymous_11)","decl":{"start":{"line":109,"column":21},"end":{"line":109,"column":31}},"loc":{"start":{"line":109,"column":41},"end":{"line":112,"column":7}},"line":109},"12":{"name":"(anonymous_12)","decl":{"start":{"line":113,"column":21},"end":{"line":113,"column":33}},"loc":{"start":{"line":113,"column":51},"end":{"line":119,"column":7}},"line":113},"13":{"name":"(anonymous_13)","decl":{"start":{"line":120,"column":21},"end":{"line":120,"column":32}},"loc":{"start":{"line":120,"column":50},"end":{"line":123,"column":7}},"line":120},"14":{"name":"(anonymous_14)","decl":{"start":{"line":126,"column":24},"end":{"line":126,"column":34}},"loc":{"start":{"line":126,"column":44},"end":{"line":129,"column":7}},"line":126},"15":{"name":"(anonymous_15)","decl":{"start":{"line":130,"column":24},"end":{"line":130,"column":36}},"loc":{"start":{"line":130,"column":54},"end":{"line":136,"column":7}},"line":130},"16":{"name":"(anonymous_16)","decl":{"start":{"line":137,"column":24},"end":{"line":137,"column":35}},"loc":{"start":{"line":137,"column":53},"end":{"line":140,"column":7}},"line":137},"17":{"name":"(anonymous_17)","decl":{"start":{"line":143,"column":32},"end":{"line":143,"column":42}},"loc":{"start":{"line":143,"column":52},"end":{"line":145,"column":7}},"line":143},"18":{"name":"(anonymous_18)","decl":{"start":{"line":146,"column":32},"end":{"line":146,"column":44}},"loc":{"start":{"line":146,"column":62},"end":{"line":150,"column":7}},"line":146},"19":{"name":"(anonymous_19)","decl":{"start":{"line":151,"column":32},"end":{"line":151,"column":43}},"loc":{"start":{"line":151,"column":61},"end":{"line":155,"column":7}},"line":151},"20":{"name":"(anonymous_20)","decl":{"start":{"line":158,"column":29},"end":{"line":158,"column":39}},"loc":{"start":{"line":158,"column":49},"end":{"line":160,"column":7}},"line":158},"21":{"name":"(anonymous_21)","decl":{"start":{"line":161,"column":29},"end":{"line":161,"column":41}},"loc":{"start":{"line":161,"column":59},"end":{"line":164,"column":7}},"line":161},"22":{"name":"(anonymous_22)","decl":{"start":{"line":165,"column":29},"end":{"line":165,"column":40}},"loc":{"start":{"line":165,"column":58},"end":{"line":168,"column":7}},"line":165},"23":{"name":"(anonymous_23)","decl":{"start":{"line":171,"column":33},"end":{"line":171,"column":43}},"loc":{"start":{"line":171,"column":53},"end":{"line":173,"column":7}},"line":171},"24":{"name":"(anonymous_24)","decl":{"start":{"line":174,"column":33},"end":{"line":174,"column":45}},"loc":{"start":{"line":174,"column":63},"end":{"line":177,"column":7}},"line":174},"25":{"name":"(anonymous_25)","decl":{"start":{"line":178,"column":33},"end":{"line":178,"column":44}},"loc":{"start":{"line":178,"column":62},"end":{"line":181,"column":7}},"line":178},"26":{"name":"(anonymous_26)","decl":{"start":{"line":187,"column":13},"end":{"line":187,"column":27}},"loc":{"start":{"line":187,"column":48},"end":{"line":187,"column":null}},"line":187},"27":{"name":"(anonymous_27)","decl":{"start":{"line":188,"column":13},"end":{"line":188,"column":27}},"loc":{"start":{"line":188,"column":48},"end":{"line":188,"column":null}},"line":188},"28":{"name":"(anonymous_28)","decl":{"start":{"line":189,"column":13},"end":{"line":189,"column":38}},"loc":{"start":{"line":189,"column":59},"end":{"line":189,"column":null}},"line":189},"29":{"name":"(anonymous_29)","decl":{"start":{"line":190,"column":13},"end":{"line":190,"column":34}},"loc":{"start":{"line":190,"column":55},"end":{"line":190,"column":null}},"line":190},"30":{"name":"(anonymous_30)","decl":{"start":{"line":191,"column":13},"end":{"line":191,"column":32}},"loc":{"start":{"line":191,"column":53},"end":{"line":191,"column":null}},"line":191},"31":{"name":"(anonymous_31)","decl":{"start":{"line":192,"column":13},"end":{"line":192,"column":38}},"loc":{"start":{"line":192,"column":59},"end":{"line":192,"column":null}},"line":192},"32":{"name":"(anonymous_32)","decl":{"start":{"line":193,"column":13},"end":{"line":193,"column":31}},"loc":{"start":{"line":193,"column":52},"end":{"line":193,"column":null}},"line":193}},"branchMap":{"0":{"loc":{"start":{"line":21,"column":2},"end":{"line":23,"column":null}},"type":"if","locations":[{"start":{"line":21,"column":2},"end":{"line":23,"column":null}},{"start":{},"end":{}}],"line":21},"1":{"loc":{"start":{"line":22,"column":4},"end":{"line":22,"column":null}},"type":"binary-expr","locations":[{"start":{"line":22,"column":4},"end":{"line":22,"column":66}},{"start":{"line":22,"column":66},"end":{"line":22,"column":null}}],"line":22},"2":{"loc":{"start":{"line":24,"column":9},"end":{"line":24,"column":null}},"type":"cond-expr","locations":[{"start":{"line":24,"column":34},"end":{"line":24,"column":50}},{"start":{"line":24,"column":50},"end":{"line":24,"column":null}}],"line":24},"3":{"loc":{"start":{"line":32,"column":4},"end":{"line":34,"column":null}},"type":"if","locations":[{"start":{"line":32,"column":4},"end":{"line":34,"column":null}},{"start":{},"end":{}}],"line":32}},"s":{"0":5,"1":5,"2":3,"3":3,"4":0,"5":5,"6":3,"7":3,"8":1,"9":1,"10":1,"11":1,"12":1,"13":2,"14":5,"15":1,"16":1,"17":1,"18":1,"19":1,"20":0,"21":5,"22":4,"23":4,"24":1,"25":5,"26":1,"27":1,"28":0,"29":5,"30":1,"31":1,"32":0,"33":5,"34":6,"35":6,"36":6,"37":6,"38":10,"39":10,"40":10,"41":10,"42":10,"43":10,"44":10,"45":10,"46":1,"47":0,"48":0,"49":5,"50":3,"51":3,"52":1,"53":1,"54":1,"55":1,"56":1,"57":2,"58":2,"59":5,"60":1,"61":1,"62":1,"63":1,"64":1,"65":1,"66":1,"67":0,"68":0,"69":5,"70":4,"71":3,"72":3,"73":3,"74":1,"75":1,"76":1,"77":5,"78":1,"79":1,"80":1,"81":0,"82":0,"83":5,"84":1,"85":1,"86":1,"87":0,"88":0,"89":5,"90":5,"91":0,"92":5,"93":0,"94":5,"95":0,"96":5,"97":0,"98":5,"99":0,"100":5,"101":0,"102":5,"103":0},"f":{"0":3,"1":3,"2":1,"3":4,"4":1,"5":1,"6":6,"7":10,"8":1,"9":0,"10":5,"11":3,"12":1,"13":2,"14":1,"15":1,"16":0,"17":4,"18":3,"19":1,"20":1,"21":1,"22":0,"23":1,"24":1,"25":0,"26":0,"27":0,"28":0,"29":0,"30":0,"31":0,"32":0},"b":{"0":[3,0],"1":[3,0],"2":[0,0],"3":[1,0]},"meta":{"lastBranch":4,"lastFunction":33,"lastStatement":104,"seen":{"s:11:32:18:Infinity":0,"s:20:6:25:Infinity":1,"f:20:6:20:24":0,"b:21:2:23:Infinity:undefined:undefined:undefined:undefined":0,"s:21:2:23:Infinity":2,"s:22:4:22:Infinity":3,"b:22:4:22:66:22:66:22:Infinity":1,"s:24:2:24:Infinity":4,"b:24:34:24:50:24:50:24:Infinity":2,"s:27:21:39:Infinity":5,"f:27:52:27:59":1,"s:28:2:38:Infinity":6,"s:29:21:29:Infinity":7,"s:30:4:30:Infinity":8,"s:31:4:31:Infinity":9,"b:32:4:34:Infinity:undefined:undefined:undefined:undefined":3,"s:32:4:34:Infinity":10,"s:33:6:33:Infinity":11,"s:35:4:35:Infinity":12,"s:37:4:37:Infinity":13,"s:41:24:50:Infinity":14,"f:41:58:41:65":2,"s:42:2:49:Infinity":15,"s:43:21:43:Infinity":16,"s:44:4:44:Infinity":17,"s:45:4:45:Infinity":18,"s:46:4:46:Infinity":19,"s:48:4:48:Infinity":20,"s:52:32:58:Infinity":21,"f:52:74:52:81":3,"s:53:2:57:Infinity":22,"s:54:4:54:Infinity":23,"s:56:4:56:Infinity":24,"s:60:29:69:Infinity":25,"f:62:2:62:9":4,"s:63:4:67:Infinity":26,"s:64:6:64:Infinity":27,"s:66:6:66:Infinity":28,"s:71:33:77:Infinity":29,"f:71:76:71:83":5,"s:72:2:76:Infinity":30,"s:73:4:73:Infinity":31,"s:75:4:75:Infinity":32,"s:79:18:183:Infinity":33,"f:83:4:83:16":6,"s:84:6:84:Infinity":34,"s:85:6:85:Infinity":35,"s:86:6:86:Infinity":36,"s:87:6:87:Infinity":37,"f:89:4:89:13":7,"s:90:6:90:Infinity":38,"s:91:6:91:Infinity":39,"s:92:6:92:Infinity":40,"s:93:6:93:Infinity":41,"s:94:6:94:Infinity":42,"s:95:6:95:Infinity":43,"s:96:6:96:Infinity":44,"s:97:6:97:Infinity":45,"f:99:4:99:21":8,"s:100:6:100:Infinity":46,"f:102:4:102:14":9,"s:103:6:103:Infinity":47,"s:104:6:104:Infinity":48,"f:107:2:107:18":10,"s:108:4:123:Infinity":49,"f:109:21:109:31":11,"s:110:8:110:Infinity":50,"s:111:8:111:Infinity":51,"f:113:21:113:33":12,"s:114:8:114:Infinity":52,"s:115:8:115:Infinity":53,"s:116:8:116:Infinity":54,"s:117:8:117:Infinity":55,"s:118:8:118:Infinity":56,"f:120:21:120:32":13,"s:121:8:121:Infinity":57,"s:122:8:122:Infinity":58,"s:125:4:140:Infinity":59,"f:126:24:126:34":14,"s:127:8:127:Infinity":60,"s:128:8:128:Infinity":61,"f:130:24:130:36":15,"s:131:8:131:Infinity":62,"s:132:8:132:Infinity":63,"s:133:8:133:Infinity":64,"s:134:8:134:Infinity":65,"s:135:8:135:Infinity":66,"f:137:24:137:35":16,"s:138:8:138:Infinity":67,"s:139:8:139:Infinity":68,"s:142:4:155:Infinity":69,"f:143:32:143:42":17,"s:144:8:144:Infinity":70,"f:146:32:146:44":18,"s:147:8:147:Infinity":71,"s:148:8:148:Infinity":72,"s:149:8:149:Infinity":73,"f:151:32:151:43":19,"s:152:8:152:Infinity":74,"s:153:8:153:Infinity":75,"s:154:8:154:Infinity":76,"s:157:4:168:Infinity":77,"f:158:29:158:39":20,"s:159:8:159:Infinity":78,"f:161:29:161:41":21,"s:162:8:162:Infinity":79,"s:163:8:163:Infinity":80,"f:165:29:165:40":22,"s:166:8:166:Infinity":81,"s:167:8:167:Infinity":82,"s:170:4:181:Infinity":83,"f:171:33:171:43":23,"s:172:8:172:Infinity":84,"f:174:33:174:45":24,"s:175:8:175:Infinity":85,"s:176:8:176:Infinity":86,"f:178:33:178:44":25,"s:179:8:179:Infinity":87,"s:180:8:180:Infinity":88,"s:185:62:185:Infinity":89,"s:187:13:187:Infinity":90,"f:187:13:187:27":26,"s:187:48:187:Infinity":91,"s:188:13:188:Infinity":92,"f:188:13:188:27":27,"s:188:48:188:Infinity":93,"s:189:13:189:Infinity":94,"f:189:13:189:38":28,"s:189:59:189:Infinity":95,"s:190:13:190:Infinity":96,"f:190:13:190:34":29,"s:190:55:190:Infinity":97,"s:191:13:191:Infinity":98,"f:191:13:191:32":30,"s:191:53:191:Infinity":99,"s:192:13:192:Infinity":100,"f:192:13:192:38":31,"s:192:59:192:Infinity":101,"s:193:13:193:Infinity":102,"f:193:13:193:31":32,"s:193:52:193:Infinity":103},"fnNames":{}}}
,"C:\\Project\\news-portal\\frontend\\src\\store\\news\\newsSlice.ts": {"path":"C:\\Project\\news-portal\\frontend\\src\\store\\news\\newsSlice.ts","statementMap":{"0":{"start":{"line":7,"column":6},"end":{"line":7,"column":null}},"1":{"start":{"line":7,"column":46},"end":{"line":7,"column":null}},"2":{"start":{"line":30,"column":32},"end":{"line":45,"column":null}},"3":{"start":{"line":47,"column":6},"end":{"line":52,"column":null}},"4":{"start":{"line":48,"column":2},"end":{"line":50,"column":null}},"5":{"start":{"line":49,"column":4},"end":{"line":49,"column":null}},"6":{"start":{"line":51,"column":2},"end":{"line":51,"column":null}},"7":{"start":{"line":54,"column":25},"end":{"line":61,"column":null}},"8":{"start":{"line":55,"column":2},"end":{"line":60,"column":null}},"9":{"start":{"line":56,"column":18},"end":{"line":56,"column":null}},"10":{"start":{"line":57,"column":4},"end":{"line":57,"column":null}},"11":{"start":{"line":59,"column":4},"end":{"line":59,"column":null}},"12":{"start":{"line":63,"column":29},"end":{"line":69,"column":null}},"13":{"start":{"line":64,"column":2},"end":{"line":68,"column":null}},"14":{"start":{"line":65,"column":4},"end":{"line":65,"column":null}},"15":{"start":{"line":67,"column":4},"end":{"line":67,"column":null}},"16":{"start":{"line":71,"column":26},"end":{"line":77,"column":null}},"17":{"start":{"line":72,"column":2},"end":{"line":76,"column":null}},"18":{"start":{"line":73,"column":4},"end":{"line":73,"column":null}},"19":{"start":{"line":75,"column":4},"end":{"line":75,"column":null}},"20":{"start":{"line":79,"column":26},"end":{"line":85,"column":null}},"21":{"start":{"line":80,"column":2},"end":{"line":84,"column":null}},"22":{"start":{"line":81,"column":4},"end":{"line":81,"column":null}},"23":{"start":{"line":83,"column":4},"end":{"line":83,"column":null}},"24":{"start":{"line":87,"column":26},"end":{"line":96,"column":null}},"25":{"start":{"line":90,"column":4},"end":{"line":94,"column":null}},"26":{"start":{"line":91,"column":6},"end":{"line":91,"column":null}},"27":{"start":{"line":93,"column":6},"end":{"line":93,"column":null}},"28":{"start":{"line":98,"column":26},"end":{"line":105,"column":null}},"29":{"start":{"line":99,"column":2},"end":{"line":104,"column":null}},"30":{"start":{"line":100,"column":4},"end":{"line":100,"column":null}},"31":{"start":{"line":101,"column":4},"end":{"line":101,"column":null}},"32":{"start":{"line":103,"column":4},"end":{"line":103,"column":null}},"33":{"start":{"line":107,"column":28},"end":{"line":116,"column":null}},"34":{"start":{"line":110,"column":4},"end":{"line":114,"column":null}},"35":{"start":{"line":111,"column":6},"end":{"line":111,"column":null}},"36":{"start":{"line":113,"column":6},"end":{"line":113,"column":null}},"37":{"start":{"line":118,"column":24},"end":{"line":124,"column":null}},"38":{"start":{"line":119,"column":2},"end":{"line":123,"column":null}},"39":{"start":{"line":120,"column":4},"end":{"line":120,"column":null}},"40":{"start":{"line":122,"column":4},"end":{"line":122,"column":null}},"41":{"start":{"line":126,"column":37},"end":{"line":133,"column":null}},"42":{"start":{"line":127,"column":2},"end":{"line":132,"column":null}},"43":{"start":{"line":128,"column":21},"end":{"line":128,"column":null}},"44":{"start":{"line":129,"column":4},"end":{"line":129,"column":null}},"45":{"start":{"line":131,"column":4},"end":{"line":131,"column":null}},"46":{"start":{"line":135,"column":18},"end":{"line":304,"column":null}},"47":{"start":{"line":140,"column":6},"end":{"line":140,"column":null}},"48":{"start":{"line":143,"column":6},"end":{"line":143,"column":null}},"49":{"start":{"line":146,"column":6},"end":{"line":146,"column":null}},"50":{"start":{"line":147,"column":6},"end":{"line":147,"column":null}},"51":{"start":{"line":150,"column":6},"end":{"line":150,"column":null}},"52":{"start":{"line":151,"column":6},"end":{"line":151,"column":null}},"53":{"start":{"line":154,"column":6},"end":{"line":154,"column":null}},"54":{"start":{"line":155,"column":6},"end":{"line":155,"column":null}},"55":{"start":{"line":158,"column":6},"end":{"line":158,"column":null}},"56":{"start":{"line":159,"column":6},"end":{"line":159,"column":null}},"57":{"start":{"line":162,"column":6},"end":{"line":162,"column":null}},"58":{"start":{"line":165,"column":6},"end":{"line":165,"column":null}},"59":{"start":{"line":168,"column":6},"end":{"line":168,"column":null}},"60":{"start":{"line":170,"column":21},"end":{"line":170,"column":null}},"61":{"start":{"line":173,"column":4},"end":{"line":195,"column":null}},"62":{"start":{"line":175,"column":8},"end":{"line":175,"column":null}},"63":{"start":{"line":176,"column":8},"end":{"line":176,"column":null}},"64":{"start":{"line":179,"column":8},"end":{"line":179,"column":null}},"65":{"start":{"line":180,"column":8},"end":{"line":184,"column":null}},"66":{"start":{"line":181,"column":10},"end":{"line":181,"column":null}},"67":{"start":{"line":183,"column":10},"end":{"line":183,"column":null}},"68":{"start":{"line":185,"column":8},"end":{"line":185,"column":null}},"69":{"start":{"line":186,"column":8},"end":{"line":186,"column":null}},"70":{"start":{"line":187,"column":8},"end":{"line":187,"column":null}},"71":{"start":{"line":188,"column":8},"end":{"line":188,"column":null}},"72":{"start":{"line":189,"column":8},"end":{"line":189,"column":null}},"73":{"start":{"line":192,"column":8},"end":{"line":192,"column":null}},"74":{"start":{"line":193,"column":8},"end":{"line":193,"column":null}},"75":{"start":{"line":194,"column":8},"end":{"line":194,"column":null}},"76":{"start":{"line":197,"column":4},"end":{"line":209,"column":null}},"77":{"start":{"line":199,"column":8},"end":{"line":199,"column":null}},"78":{"start":{"line":200,"column":8},"end":{"line":200,"column":null}},"79":{"start":{"line":203,"column":8},"end":{"line":203,"column":null}},"80":{"start":{"line":204,"column":8},"end":{"line":204,"column":null}},"81":{"start":{"line":207,"column":8},"end":{"line":207,"column":null}},"82":{"start":{"line":208,"column":8},"end":{"line":208,"column":null}},"83":{"start":{"line":211,"column":4},"end":{"line":223,"column":null}},"84":{"start":{"line":213,"column":8},"end":{"line":213,"column":null}},"85":{"start":{"line":214,"column":8},"end":{"line":214,"column":null}},"86":{"start":{"line":217,"column":8},"end":{"line":217,"column":null}},"87":{"start":{"line":218,"column":8},"end":{"line":218,"column":null}},"88":{"start":{"line":221,"column":8},"end":{"line":221,"column":null}},"89":{"start":{"line":222,"column":8},"end":{"line":222,"column":null}},"90":{"start":{"line":225,"column":4},"end":{"line":237,"column":null}},"91":{"start":{"line":227,"column":8},"end":{"line":227,"column":null}},"92":{"start":{"line":228,"column":8},"end":{"line":228,"column":null}},"93":{"start":{"line":231,"column":8},"end":{"line":231,"column":null}},"94":{"start":{"line":232,"column":8},"end":{"line":232,"column":null}},"95":{"start":{"line":235,"column":8},"end":{"line":235,"column":null}},"96":{"start":{"line":236,"column":8},"end":{"line":236,"column":null}},"97":{"start":{"line":239,"column":4},"end":{"line":253,"column":null}},"98":{"start":{"line":241,"column":8},"end":{"line":241,"column":null}},"99":{"start":{"line":242,"column":8},"end":{"line":242,"column":null}},"100":{"start":{"line":245,"column":8},"end":{"line":245,"column":null}},"101":{"start":{"line":246,"column":22},"end":{"line":246,"column":null}},"102":{"start":{"line":246,"column":53},"end":{"line":246,"column":82}},"103":{"start":{"line":247,"column":8},"end":{"line":247,"column":null}},"104":{"start":{"line":247,"column":26},"end":{"line":247,"column":null}},"105":{"start":{"line":248,"column":8},"end":{"line":248,"column":null}},"106":{"start":{"line":248,"column":57},"end":{"line":248,"column":null}},"107":{"start":{"line":251,"column":8},"end":{"line":251,"column":null}},"108":{"start":{"line":252,"column":8},"end":{"line":252,"column":null}},"109":{"start":{"line":255,"column":4},"end":{"line":268,"column":null}},"110":{"start":{"line":257,"column":8},"end":{"line":257,"column":null}},"111":{"start":{"line":258,"column":8},"end":{"line":258,"column":null}},"112":{"start":{"line":261,"column":8},"end":{"line":261,"column":null}},"113":{"start":{"line":262,"column":8},"end":{"line":262,"column":null}},"114":{"start":{"line":262,"column":49},"end":{"line":262,"column":75}},"115":{"start":{"line":263,"column":8},"end":{"line":263,"column":null}},"116":{"start":{"line":263,"column":54},"end":{"line":263,"column":null}},"117":{"start":{"line":266,"column":8},"end":{"line":266,"column":null}},"118":{"start":{"line":267,"column":8},"end":{"line":267,"column":null}},"119":{"start":{"line":270,"column":4},"end":{"line":283,"column":null}},"120":{"start":{"line":272,"column":8},"end":{"line":272,"column":null}},"121":{"start":{"line":275,"column":8},"end":{"line":275,"column":null}},"122":{"start":{"line":276,"column":22},"end":{"line":276,"column":null}},"123":{"start":{"line":276,"column":53},"end":{"line":276,"column":82}},"124":{"start":{"line":277,"column":8},"end":{"line":277,"column":null}},"125":{"start":{"line":277,"column":26},"end":{"line":277,"column":null}},"126":{"start":{"line":278,"column":8},"end":{"line":278,"column":null}},"127":{"start":{"line":278,"column":57},"end":{"line":278,"column":null}},"128":{"start":{"line":281,"column":8},"end":{"line":281,"column":null}},"129":{"start":{"line":282,"column":8},"end":{"line":282,"column":null}},"130":{"start":{"line":285,"column":4},"end":{"line":289,"column":null}},"131":{"start":{"line":286,"column":20},"end":{"line":286,"column":null}},"132":{"start":{"line":286,"column":51},"end":{"line":286,"column":80}},"133":{"start":{"line":287,"column":6},"end":{"line":287,"column":null}},"134":{"start":{"line":287,"column":24},"end":{"line":287,"column":null}},"135":{"start":{"line":288,"column":6},"end":{"line":288,"column":null}},"136":{"start":{"line":288,"column":55},"end":{"line":288,"column":null}},"137":{"start":{"line":291,"column":4},"end":{"line":302,"column":null}},"138":{"start":{"line":293,"column":8},"end":{"line":293,"column":null}},"139":{"start":{"line":296,"column":8},"end":{"line":296,"column":null}},"140":{"start":{"line":297,"column":8},"end":{"line":297,"column":null}},"141":{"start":{"line":300,"column":8},"end":{"line":300,"column":null}},"142":{"start":{"line":301,"column":8},"end":{"line":301,"column":null}},"143":{"start":{"line":307,"column":2},"end":{"line":307,"column":null}},"144":{"start":{"line":309,"column":13},"end":{"line":309,"column":null}},"145":{"start":{"line":309,"column":48},"end":{"line":309,"column":null}},"146":{"start":{"line":310,"column":13},"end":{"line":310,"column":null}},"147":{"start":{"line":310,"column":55},"end":{"line":310,"column":null}},"148":{"start":{"line":311,"column":13},"end":{"line":311,"column":null}},"149":{"start":{"line":311,"column":55},"end":{"line":311,"column":null}},"150":{"start":{"line":312,"column":13},"end":{"line":312,"column":null}},"151":{"start":{"line":312,"column":53},"end":{"line":312,"column":null}},"152":{"start":{"line":313,"column":13},"end":{"line":313,"column":null}},"153":{"start":{"line":313,"column":55},"end":{"line":313,"column":null}},"154":{"start":{"line":314,"column":13},"end":{"line":314,"column":null}},"155":{"start":{"line":314,"column":58},"end":{"line":314,"column":null}},"156":{"start":{"line":315,"column":36},"end":{"line":320,"column":null}},"157":{"start":{"line":315,"column":81},"end":{"line":320,"column":2}},"158":{"start":{"line":321,"column":13},"end":{"line":321,"column":null}},"159":{"start":{"line":321,"column":60},"end":{"line":321,"column":null}},"160":{"start":{"line":322,"column":13},"end":{"line":322,"column":null}},"161":{"start":{"line":322,"column":49},"end":{"line":322,"column":null}},"162":{"start":{"line":323,"column":13},"end":{"line":323,"column":null}},"163":{"start":{"line":323,"column":56},"end":{"line":323,"column":null}}},"fnMap":{"0":{"name":"(anonymous_0)","decl":{"start":{"line":7,"column":6},"end":{"line":7,"column":25}},"loc":{"start":{"line":7,"column":46},"end":{"line":7,"column":null}},"line":7},"1":{"name":"(anonymous_1)","decl":{"start":{"line":47,"column":6},"end":{"line":47,"column":24}},"loc":{"start":{"line":47,"column":51},"end":{"line":52,"column":null}},"line":47},"2":{"name":"(anonymous_2)","decl":{"start":{"line":54,"column":80},"end":{"line":54,"column":87}},"loc":{"start":{"line":54,"column":124},"end":{"line":61,"column":1}},"line":54},"3":{"name":"(anonymous_3)","decl":{"start":{"line":63,"column":82},"end":{"line":63,"column":89}},"loc":{"start":{"line":63,"column":117},"end":{"line":69,"column":1}},"line":63},"4":{"name":"(anonymous_4)","decl":{"start":{"line":71,"column":71},"end":{"line":71,"column":78}},"loc":{"start":{"line":71,"column":105},"end":{"line":77,"column":1}},"line":71},"5":{"name":"(anonymous_5)","decl":{"start":{"line":79,"column":83},"end":{"line":79,"column":90}},"loc":{"start":{"line":79,"column":120},"end":{"line":85,"column":1}},"line":79},"6":{"name":"(anonymous_6)","decl":{"start":{"line":89,"column":2},"end":{"line":89,"column":9}},"loc":{"start":{"line":89,"column":47},"end":{"line":95,"column":null}},"line":89},"7":{"name":"(anonymous_7)","decl":{"start":{"line":98,"column":78},"end":{"line":98,"column":85}},"loc":{"start":{"line":98,"column":113},"end":{"line":105,"column":1}},"line":98},"8":{"name":"(anonymous_8)","decl":{"start":{"line":109,"column":2},"end":{"line":109,"column":9}},"loc":{"start":{"line":109,"column":49},"end":{"line":115,"column":null}},"line":109},"9":{"name":"(anonymous_9)","decl":{"start":{"line":118,"column":72},"end":{"line":118,"column":79}},"loc":{"start":{"line":118,"column":107},"end":{"line":124,"column":1}},"line":118},"10":{"name":"(anonymous_10)","decl":{"start":{"line":126,"column":102},"end":{"line":126,"column":109}},"loc":{"start":{"line":126,"column":146},"end":{"line":133,"column":1}},"line":126},"11":{"name":"(anonymous_11)","decl":{"start":{"line":139,"column":4},"end":{"line":139,"column":16}},"loc":{"start":{"line":139,"column":70},"end":{"line":141,"column":null}},"line":139},"12":{"name":"(anonymous_12)","decl":{"start":{"line":142,"column":4},"end":{"line":142,"column":14}},"loc":{"start":{"line":142,"column":55},"end":{"line":144,"column":null}},"line":142},"13":{"name":"(anonymous_13)","decl":{"start":{"line":145,"column":4},"end":{"line":145,"column":16}},"loc":{"start":{"line":145,"column":69},"end":{"line":148,"column":null}
[...]
sx": {"path":"C:\\Project\\news-portal\\frontend\\src\\test-utils\\renderWithProviders.tsx","statementMap":{"0":{"start":{"line":16,"column":2},"end":{"line":27,"column":null}},"1":{"start":{"line":24,"column":6},"end":{"line":26,"column":null}},"2":{"start":{"line":47,"column":16},"end":{"line":47,"column":null}},"3":{"start":{"line":49,"column":4},"end":{"line":55,"column":null}},"4":{"start":{"line":58,"column":4},"end":{"line":71,"column":null}},"5":{"start":{"line":75,"column":2},"end":{"line":79,"column":null}}},"fnMap":{"0":{"name":"createTestStore","decl":{"start":{"line":15,"column":16},"end":{"line":15,"column":32}},"loc":{"start":{"line":15,"column":69},"end":{"line":28,"column":null}},"line":15},"1":{"name":"(anonymous_1)","decl":{"start":{"line":23,"column":4},"end":{"line":23,"column":17}},"loc":{"start":{"line":24,"column":6},"end":{"line":26,"column":null}},"line":24},"2":{"name":"renderWithProviders","decl":{"start":{"line":37,"column":16},"end":{"line":37,"column":null}},"loc":{"start":{"line":46,"column":2},"end":{"line":80,"column":null}},"line":46},"3":{"name":"Wrapper","decl":{"start":{"line":57,"column":11},"end":{"line":57,"column":19}},"loc":{"start":{"line":57,"column":58},"end":{"line":73,"column":null}},"line":57}},"branchMap":{"0":{"loc":{"start":{"line":39,"column":2},"end":{"line":45,"column":null}},"type":"default-arg","locations":[{"start":{"line":45,"column":34},"end":{"line":45,"column":null}}],"line":39},"1":{"loc":{"start":{"line":41,"column":4},"end":{"line":41,"column":null}},"type":"default-arg","locations":[{"start":{"line":41,"column":12},"end":{"line":41,"column":null}}],"line":41},"2":{"loc":{"start":{"line":49,"column":4},"end":{"line":55,"column":null}},"type":"binary-expr","locations":[{"start":{"line":49,"column":4},"end":{"line":49,"column":null}},{"start":{"line":50,"column":4},"end":{"line":55,"column":null}}],"line":49}},"s":{"0":9,"1":9,"2":0,"3":0,"4":0,"5":0},"f":{"0":9,"1":9,"2":0,"3":0},"b":{"0":[0],"1":[0],"2":[0,0]},"meta":{"lastBranch":3,"lastFunction":4,"lastStatement":6,"seen":{"f:15:16:15:32":0,"s:16:2:27:Infinity":0,"f:23:4:23:17":1,"s:24:6:26:Infinity":1,"f:37:16:37:Infinity":2,"b:45:34:45:Infinity":0,"b:41:12:41:Infinity":1,"s:47:16:47:Infinity":2,"s:49:4:55:Infinity":3,"b:49:4:49:Infinity:50:4:55:Infinity":2,"f:57:11:57:19":3,"s:58:4:71:Infinity":4,"s:75:2:79:Infinity":5},"fnNames":{}}}
,"C:\\Project\\news-portal\\frontend\\src\\test-utils\\msw\\authFixtures.ts": {"path":"C:\\Project\\news-portal\\frontend\\src\\test-utils\\msw\\authFixtures.ts","statementMap":{"0":{"start":{"line":3,"column":30},"end":{"line":21,"column":null}},"1":{"start":{"line":23,"column":46},"end":{"line":28,"column":null}}},"fnMap":{},"branchMap":{},"s":{"0":11,"1":11},"f":{},"b":{},"meta":{"lastBranch":0,"lastFunction":0,"lastStatement":2,"seen":{"s:3:30:21:Infinity":0,"s:23:46:28:Infinity":1},"fnNames":{}}}
,"C:\\Project\\news-portal\\frontend\\src\\test-utils\\msw\\handlers.ts": {"path":"C:\\Project\\news-portal\\frontend\\src\\test-utils\\msw\\handlers.ts","statementMap":{"0":{"start":{"line":7,"column":34},"end":{"line":23,"column":null}},"1":{"start":{"line":25,"column":46},"end":{"line":31,"column":null}},"2":{"start":{"line":33,"column":36},"end":{"line":43,"column":null}},"3":{"start":{"line":45,"column":60},"end":{"line":52,"column":null}},"4":{"start":{"line":54,"column":24},"end":{"line":85,"column":null}},"5":{"start":{"line":55,"column":30},"end":{"line":55,"column":65}},"6":{"start":{"line":56,"column":36},"end":{"line":56,"column":64}},"7":{"start":{"line":58,"column":4},"end":{"line":58,"column":null}},"8":{"start":{"line":61,"column":18},"end":{"line":61,"column":null}},"9":{"start":{"line":62,"column":4},"end":{"line":65,"column":null}},"10":{"start":{"line":67,"column":40},"end":{"line":67,"column":92}},"11":{"start":{"line":68,"column":37},"end":{"line":68,"column":72}},"12":{"start":{"line":69,"column":40},"end":{"line":69,"column":75}},"13":{"start":{"line":70,"column":38},"end":{"line":70,"column":74}},"14":{"start":{"line":71,"column":39},"end":{"line":71,"column":74}},"15":{"start":{"line":72,"column":47},"end":{"line":72,"column":83}},"16":{"start":{"line":73,"column":33},"end":{"line":73,"column":60}},"17":{"start":{"line":75,"column":18},"end":{"line":75,"column":null}},"18":{"start":{"line":76,"column":4},"end":{"line":76,"column":null}},"19":{"start":{"line":79,"column":18},"end":{"line":79,"column":null}},"20":{"start":{"line":80,"column":4},"end":{"line":83,"column":null}}},"fnMap":{"0":{"name":"(anonymous_0)","decl":{"start":{"line":55,"column":11},"end":{"line":55,"column":30}},"loc":{"start":{"line":55,"column":30},"end":{"line":55,"column":65}},"line":55},"1":{"name":"(anonymous_1)","decl":{"start":{"line":56,"column":11},"end":{"line":56,"column":36}},"loc":{"start":{"line":56,"column":36},"end":{"line":56,"column":64}},"line":56},"2":{"name":"(anonymous_2)","decl":{"start":{"line":57,"column":11},"end":{"line":57,"column":29}},"loc":{"start":{"line":58,"column":4},"end":{"line":58,"column":null}},"line":58},"3":{"name":"(anonymous_3)","decl":{"start":{"line":60,"column":38},"end":{"line":60,"column":45}},"loc":{"start":{"line":60,"column":61},"end":{"line":66,"column":3}},"line":60},"4":{"name":"(anonymous_4)","decl":{"start":{"line":67,"column":11},"end":{"line":67,"column":40}},"loc":{"start":{"line":67,"column":40},"end":{"line":67,"column":92}},"line":67},"5":{"name":"(anonymous_5)","decl":{"start":{"line":68,"column":12},"end":{"line":68,"column":37}},"loc":{"start":{"line":68,"column":37},"end":{"line":68,"column":72}},"line":68},"6":{"name":"(anonymous_6)","decl":{"start":{"line":69,"column":12},"end":{"line":69,"column":40}},"loc":{"start":{"line":69,"column":40},"end":{"line":69,"column":75}},"line":69},"7":{"name":"(anonymous_7)","decl":{"start":{"line":70,"column":12},"end":{"line":70,"column":38}},"loc":{"start":{"line":70,"column":38},"end":{"line":70,"column":74}},"line":70},"8":{"name":"(anonymous_8)","decl":{"start":{"line":71,"column":12},"end":{"line":71,"column":39}},"loc":{"start":{"line":71,"column":39},"end":{"line":71,"column":74}},"line":71},"9":{"name":"(anonymous_9)","decl":{"start":{"line":72,"column":12},"end":{"line":72,"column":47}},"loc":{"start":{"line":72,"column":47},"end":{"line":72,"column":83}},"line":72},"10":{"name":"(anonymous_10)","decl":{"start":{"line":73,"column":11},"end":{"line":73,"column":33}},"loc":{"start":{"line":73,"column":33},"end":{"line":73,"column":60}},"line":73},"11":{"name":"(anonymous_11)","decl":{"start":{"line":74,"column":32},"end":{"line":74,"column":39}},"loc":{"start":{"line":74,"column":55},"end":{"line":77,"column":3}},"line":74},"12":{"name":"(anonymous_12)","decl":{"start":{"line":78,"column":36},"end":{"line":78,"column":43}},"loc":{"start":{"line":78,"column":59},"end":{"line":84,"column":3}},"line":78}},"branchMap":{"0":{"loc":{"start":{"line":64,"column":32},"end":{"line":64,"column":51}},"type":"binary-expr","locations":[{"start":{"line":64,"column":32},"end":{"line":64,"column":46}},{"start":{"line":64,"column":46},"end":{"line":64,"column":51}}],"line":64}},"s":{"0":11,"1":11,"2":11,"3":11,"4":11,"5":2,"6":2,"7":2,"8":1,"9":1,"10":0,"11":2,"12":2,"13":1,"14":2,"15":1,"16":4,"17":2,"18":2,"19":2,"20":2},"f":{"0":2,"1":2,"2":2,"3":1,"4":0,"5":2,"6":2,"7":1,"8":2,"9":1,"10":4,"11":2,"12":2},"b":{"0":[1,0]},"meta":{"lastBranch":1,"lastFunction":13,"lastStatement":21,"seen":{"s:7:34:23:Infinity":0,"s:25:46:31:Infinity":1,"s:33:36:43:Infinity":2,"s:45:60:52:Infinity":3,"s:54:24:85:Infinity":4,"f:55:11:55:30":0,"s:55:30:55:65":5,"f:56:11:56:36":1,"s:56:36:56:64":6,"f:57:11:57:29":2,"s:58:4:58:Infinity":7,"f:60:38:60:45":3,"s:61:18:61:Infinity":8,"s:62:4:65:Infinity":9,"b:64:32:64:46:64:46:64:51":0,"f:67:11:67:40":4,"s:67:40:67:92":10,"f:68:12:68:37":5,"s:68:37:68:72":11,"f:69:12:69:40":6,"s:69:40:69:75":12,"f:70:12:70:38":7,"s:70:38:70:74":13,"f:71:12:71:39":8,"s:71:39:71:74":14,"f:72:12:72:47":9,"s:72:47:72:83":15,"f:73:11:73:33":10,"s:73:33:73:60":16,"f:74:32:74:39":11,"s:75:18:75:Infinity":17,"s:76:4:76:Infinity":18,"f:78:36:78:43":12,"s:79:18:79:Infinity":19,"s:80:4:83:Infinity":20},"fnNames":{}}}
,"C:\\Project\\news-portal\\frontend\\src\\test-utils\\msw\\server.ts": {"path":"C:\\Project\\news-portal\\frontend\\src\\test-utils\\msw\\server.ts","statementMap":{"0":{"start":{"line":4,"column":22},"end":{"line":4,"column":null}}},"fnMap":{},"branchMap":{},"s":{"0":11},"f":{},"b":{},"meta":{"lastBranch":0,"lastFunction":0,"lastStatement":1,"seen":{"s:4:22:4:Infinity":0},"fnNames":{}}}
,"C:\\Project\\news-portal\\frontend\\src\\types\\index.ts": {"path":"C:\\Project\\news-portal\\frontend\\src\\types\\index.ts","statementMap":{},"fnMap":{},"branchMap":{},"s":{},"f":{},"b":{},"meta":{"lastBranch":0,"lastFunction":0,"lastStatement":0,"seen":{},"fnNames":{}}}
,"C:\\Project\\news-portal\\frontend\\src\\utils\\formatAppliedFilters.ts": {"path":"C:\\Project\\news-portal\\frontend\\src\\utils\\formatAppliedFilters.ts","statementMap":{"0":{"start":{"line":5,"column":26},"end":{"line":5,"column":null}},"1":{"start":{"line":6,"column":2},"end":{"line":6,"column":null}},"2":{"start":{"line":6,"column":22},"end":{"line":6,"column":null}},"3":{"start":{"line":7,"column":2},"end":{"line":7,"column":null}},"4":{"start":{"line":7,"column":24},"end":{"line":7,"column":null}},"5":{"start":{"line":8,"column":2},"end":{"line":8,"column":null}},"6":{"start":{"line":8,"column":28},"end":{"line":8,"column":null}},"7":{"start":{"line":9,"column":2},"end":{"line":9,"column":null}},"8":{"start":{"line":9,"column":38},"end":{"line":9,"column":null}},"9":{"start":{"line":10,"column":2},"end":{"line":10,"column":null}},"10":{"start":{"line":10,"column":39},"end":{"line":10,"column":null}},"11":{"start":{"line":11,"column":2},"end":{"line":11,"column":null}},"12":{"start":{"line":11,"column":42},"end":{"line":11,"column":null}},"13":{"start":{"line":12,"column":2},"end":{"line":12,"column":null}}},"fnMap":{"0":{"name":"formatAppliedFilters","decl":{"start":{"line":4,"column":16},"end":{"line":4,"column":37}},"loc":{"start":{"line":4,"column":66},"end":{"line":13,"column":null}},"line":4}},"branchMap":{"0":{"loc":{"start":{"line":6,"column":2},"end":{"line":6,"column":null}},"type":"if","locations":[{"start":{"line":6,"column":2},"end":{"line":6,"column":null}},{"start":{},"end":{}}],"line":6},"1":{"loc":{"start":{"line":7,"column":2},"end":{"line":7,"column":null}},"type":"if","locations":[{"start":{"line":7,"column":2},"end":{"line":7,"column":null}},{"start":{},"end":{}}],"line":7},"2":{"loc":{"start":{"line":8,"column":2},"end":{"line":8,"column":null}},"type":"if","locations":[{"start":{"line":8,"column":2},"end":{"line":8,"column":null}},{"start":{},"end":{}}],"line":8},"3":{"loc":{"start":{"line":9,"column":2},"end":{"line":9,"column":null}},"type":"if","locations":[{"start":{"line":9,"column":2},"end":{"line":9,"column":null}},{"start":{},"end":{}}],"line":9},"4":{"loc":{"start":{"line":10,"column":2},"end":{"line":10,"column":null}},"type":"if","locations":[{"start":{"line":10,"column":2},"end":{"line":10,"column":null}},{"start":{},"end":{}}],"line":10},"5":{"loc":{"start":{"line":11,"column":2},"end":{"line":11,"column":null}},"type":"if","locations":[{"start":{"line":11,"column":2},"end":{"line":11,"column":null}},{"start":{},"end":{}}],"line":11},"6":{"loc":{"start":{"line":11,"column":6},"end":{"line":11,"column":42}},"type":"binary-expr","locations":[{"start":{"line":11,"column":6},"end":{"line":11,"column":26}},{"start":{"line":11,"column":26},"end":{"line":11,"column":42}}],"line":11}},"s":{"0":5,"1":5,"2":1,"3":5,"4":1,"5":5,"6":1,"7":5,"8":1,"9":5,"10":1,"11":5,"12":1,"13":5},"f":{"0":5},"b":{"0":[1,4],"1":[1,4],"2":[1,4],"3":[1,4],"4":[1,4],"5":[1,4],"6":[5,4]},"meta":{"lastBranch":7,"lastFunction":1,"lastStatement":14,"seen":{"f:4:16:4:37":0,"s:5:26:5:Infinity":0,"b:6:2:6:Infinity:undefined:undefined:undefined:undefined":0,"s:6:2:6:Infinity":1,"s:6:22:6:Infinity":2,"b:7:2:7:Infinity:undefined:undefined:undefined:undefined":1,"s:7:2:7:Infinity":3,"s:7:24:7:Infinity":4,"b:8:2:8:Infinity:undefined:undefined:undefined:undefined":2,"s:8:2:8:Infinity":5,"s:8:28:8:Infinity":6,"b:9:2:9:Infinity:undefined:undefined:undefined:undefined":3,"s:9:2:9:Infinity":7,"s:9:38:9:Infinity":8,"b:10:2:10:Infinity:undefined:undefined:undefined:undefined":4,"s:10:2:10:Infinity":9,"s:10:39:10:Infinity":10,"b:11:2:11:Infinity:undefined:undefined:undefined:undefined":5,"s:11:2:11:Infinity":11,"b:11:6:11:26:11:26:11:42":6,"s:11:42:11:Infinity":12,"s:12:2:12:Infinity":13},"fnNames":{}}}
,"C:\\Project\\news-portal\\frontend\\src\\utils\\formatDate.ts": {"path":"C:\\Project\\news-portal\\frontend\\src\\utils\\formatDate.ts","statementMap":{"0":{"start":{"line":1,"column":13},"end":{"line":10,"column":null}},"1":{"start":{"line":2,"column":12},"end":{"line":2,"column":null}},"2":{"start":{"line":3,"column":14},"end":{"line":3,"column":null}},"3":{"start":{"line":4,"column":15},"end":{"line":4,"column":null}},"4":{"start":{"line":5,"column":2},"end":{"line":5,"column":null}},"5":{"start":{"line":5,"column":16},"end":{"line":5,"column":null}},"6":{"start":{"line":6,"column":2},"end":{"line":6,"column":null}},"7":{"start":{"line":6,"column":17},"end":{"line":6,"column":null}},"8":{"start":{"line":7,"column":2},"end":{"line":7,"column":null}},"9":{"start":{"line":7,"column":19},"end":{"line":7,"column":null}},"10":{"start":{"line":8,"column":2},"end":{"line":8,"column":null}},"11":{"start":{"line":8,"column":20},"end":{"line":8,"column":null}},"12":{"start":{"line":9,"column":2},"end":{"line":9,"column":null}},"13":{"start":{"line":12,"column":13},"end":{"line":19,"column":null}},"14":{"start":{"line":13,"column":2},"end":{"line":19,"column":null}},"15":{"start":{"line":21,"column":13},"end":{"line":21,"column":null}},"16":{"start":{"line":21,"column":50},"end":{"line":21,"column":null}}},"fnMap":{"0":{"name":"(anonymous_0)","decl":{"start":{"line":1,"column":13},"end":{"line":1,"column":33}},"loc":{"start":{"line":1,"column":56},"end":{"line":10,"column":null}},"line":1},"1":{"name":"(anonymous_1)","decl":{"start":{"line":12,"column":13},"end":{"line":12,"column":31}},"loc":{"start":{"line":13,"column":2},"end":{"line":19,"column":null}},"line":13},"2":{"name":"(anonymous_2)","decl":{"start":{"line":21,"column":13},"end":{"line":21,"column":33}},"loc":{"start":{"line":21,"column":50},"end":{"line":21,"column":null}},"line":21}},"branchMap":{"0":{"loc":{"start":{"line":5,"column":2},"end":{"line":5,"column":null}},"type":"if","locations":[{"start":{"line":5,"column":2},"end":{"line":5,"column":null}},{"start":{},"end":{}}],"line":5},"1":{"loc":{"start":{"line":6,"column":2},"end":{"line":6,"column":null}},"type":"if","locations":[{"start":{"line":6,"column":2},"end":{"line":6,"column":null}},{"start":{},"end":{}}],"line":6},"2":{"loc":{"start":{"line":7,"column":2},"end":{"line":7,"column":null}},"type":"if","locations":[{"start":{"line":7,"column":2},"end":{"line":7,"column":null}},{"start":{},"end":{}}],"line":7},"3":{"loc":{"start":{"line":8,"column":2},"end":{"line":8,"column":null}},"type":"if","locations":[{"start":{"line":8,"column":2},"end":{"line":8,"column":null}},{"start":{},"end":{}}],"line":8}},"s":{"0":2,"1":5,"2":5,"3":5,"4":5,"5":1,"6":4,"7":1,"8":3,"9":1,"10":2,"11":1,"12":1,"13":2,"14":2,"15":2,"16":1},"f":{"0":5,"1":2,"2":1},"b":{"0":[1,4],"1":[1,3],"2":[1,2],"3":[1,1]},"meta":{"lastBranch":4,"lastFunction":3,"lastStatement":17,"seen":{"s:1:13:10:Infinity":0,"f:1:13:1:33":0,"s:2:12:2:Infinity":1,"s:3:14:3:Infinity":2,"s:4:15:4:Infinity":3,"b:5:2:5:Infinity:undefined:undefined:undefined:undefined":0,"s:5:2:5:Infinity":4,"s:5:16:5:Infinity":5,"b:6:2:6:Infinity:undefined:undefined:undefined:undefined":1,"s:6:2:6:Infinity":6,"s:6:17:6:Infinity":7,"b:7:2:7:Infinity:undefined:undefined:undefined:undefined":2,"s:7:2:7:Infinity":8,"s:7:19:7:Infinity":9,"b:8:2:8:Infinity:undefined:undefined:undefined:undefined":3,"s:8:2:8:Infinity":10,"s:8:20:8:Infinity":11,"s:9:2:9:Infinity":12,"s:12:13:19:Infinity":13,"f:12:13:12:31":1,"s:13:2:19:Infinity":14,"s:21:13:21:Infinity":15,"f:21:13:21:33":2,"s:21:50:21:Infinity":16},"fnNames":{}}}
,"C:\\Project\\news-portal\\frontend\\src\\utils\\getCategoryColor.ts": {"path":"C:\\Project\\news-portal\\frontend\\src\\utils\\getCategoryColor.ts","statementMap":{"0":{"start":{"line":1,"column":13},"end":{"line":14,"column":null}},"1":{"start":{"line":2,"column":41},"end":{"line":12,"column":null}},"2":{"start":{"line":13,"column":2},"end":{"line":13,"column":null}}},"fnMap":{"0":{"name":"(anonymous_0)","decl":{"start":{"line":1,"column":13},"end":{"line":1,"column":33}},"loc":{"start":{"line":1,"column":54},"end":{"line":14,"column":null}},"line":1}},"branchMap":{"0":{"loc":{"start":{"line":13,"column":9},"end":{"line":13,"column":null}},"type":"binary-expr","locations":[{"start":{"line":13,"column":9},"end":{"line":13,"column":29}},{"start":{"line":13,"column":29},"end":{"line":13,"column":null}}],"line":13}},"s":{"0":2,"1":4,"2":4},"f":{"0":4},"b":{"0":[4,1]},"meta":{"lastBranch":1,"lastFunction":1,"lastStatement":3,"seen":{"s:1:13:14:Infinity":0,"f:1:13:1:33":0,"s:2:41:12:Infinity":1,"s:13:2:13:Infinity":2,"b:13:9:13:29:13:29:13:Infinity":0},"fnNames":{}}}
,"C:\\Project\\news-portal\\frontend\\src\\utils\\getCategoryLabel.ts": {"path":"C:\\Project\\news-portal\\frontend\\src\\utils\\getCategoryLabel.ts","statementMap":{"0":{"start":{"line":1,"column":13},"end":{"line":14,"column":null}},"1":{"start":{"line":2,"column":41},"end":{"line":12,"column":null}},"2":{"start":{"line":13,"column":2},"end":{"line":13,"column":null}}},"fnMap":{"0":{"name":"(anonymous_0)","decl":{"start":{"line":1,"column":13},"end":{"line":1,"column":33}},"loc":{"start":{"line":1,"column":54},"end":{"line":14,"column":null}},"line":1}},"branchMap":{"0":{"loc":{"start":{"line":13,"column":9},"end":{"line":13,"column":null}},"type":"binary-expr","locations":[{"start":{"line":13,"column":9},"end":{"line":13,"column":29}},{"start":{"line":13,"column":29},"end":{"line":13,"column":null}}],"line":13}},"s":{"0":3,"1":6,"2":6},"f":{"0":6},"b":{"0":[6,1]},"meta":{"lastBranch":1,"lastFunction":1,"lastStatement":3,"seen":{"s:1:13:14:Infinity":0,"f:1:13:1:33":0,"s:2:41:12:Infinity":1,"s:13:2:13:Infinity":2,"b:13:9:13:29:13:29:13:Infinity":0},"fnNames":{}}}
,"C:\\Project\\news-portal\\frontend\\src\\utils\\truncateText.ts": {"path":"C:\\Project\\news-portal\\frontend\\src\\utils\\truncateText.ts","statementMap":{"0":{"start":{"line":2,"column":2},"end":{"line":2,"column":null}},"1":{"start":{"line":2,"column":13},"end":{"line":2,"column":null}},"2":{"start":{"line":3,"column":18},"end":{"line":3,"column":null}},"3":{"start":{"line":4,"column":2},"end":{"line":4,"column":null}},"4":{"start":{"line":4,"column":31},"end":{"line":4,"column":null}},"5":{"start":{"line":5,"column":2},"end":{"line":5,"column":null}}},"fnMap":{"0":{"name":"truncateText","decl":{"start":{"line":1,"column":16},"end":{"line":1,"column":29}},"loc":{"start":{"line":1,"column":85},"end":{"line":6,"column":null}},"line":1}},"branchMap":{"0":{"loc":{"start":{"line":2,"column":2},"end":{"line":2,"column":null}},"type":"if","locations":[{"start":{"line":2,"column":2},"end":{"line":2,"column":null}},{"start":{},"end":{}}],"line":2},"1":{"loc":{"start":{"line":4,"column":2},"end":{"line":4,"column":null}},"type":"if","locations":[{"start":{"line":4,"column":2},"end":{"line":4,"column":null}},{"start":{},"end":{}}],"line":4}},"s":{"0":8,"1":3,"2":5,"3":5,"4":4,"5":1},"f":{"0":8},"b":{"0":[3,5],"1":[4,1]},"meta":{"lastBranch":2,"lastFunction":1,"lastStatement":6,"seen":{"f:1:16:1:29":0,"b:2:2:2:Infinity:undefined:undefined:undefined:undefined":0,"s:2:2:2:Infinity":0,"s:2:13:2:Infinity":1,"s:3:18:3:Infinity":2,"b:4:2:4:Infinity:undefined:undefined:undefined:undefined":1,"s:4:2:4:Infinity":3,"s:4:31:4:Infinity":4,"s:5:2:5:Infinity":5},"fnNames":{}}}
}
